============================= test session starts ==============================
platform darwin -- Python 3.11.14, pytest-7.4.4, pluggy-1.6.0 -- /Users/ruthwikt/dev/DRS/drs-backend/venv/bin/python3.11
cachedir: .pytest_cache
rootdir: /Users/ruthwikt/dev/DRS/drs-backend
configfile: pytest.ini
plugins: Faker-22.0.0, anyio-4.12.1, asyncio-0.23.3, cov-4.1.0, mock-3.12.0
asyncio: mode=Mode.AUTO
collecting ... collected 445 items

app/tests/integration/test_disaster_evaluation_api.py::test_evaluate_valid_report_returns_200 PASSED [  0%]
app/tests/integration/test_disaster_evaluation_api.py::test_evaluate_unknown_report_returns_404 PASSED [  0%]
app/tests/integration/test_evacuation_api.py::TestPlanEvacuation::test_returns_201_on_success PASSED [  0%]
app/tests/integration/test_evacuation_api.py::TestPlanEvacuation::test_auto_approve_flag_passed PASSED [  0%]
app/tests/integration/test_evacuation_api.py::TestPlanEvacuation::test_422_missing_disaster_id PASSED [  1%]
app/tests/integration/test_evacuation_api.py::TestPlanEvacuation::test_forwards_http_exceptions PASSED [  1%]
app/tests/integration/test_evacuation_api.py::TestApproveEvacuation::test_approve_succeeds PASSED [  1%]
app/tests/integration/test_evacuation_api.py::TestApproveEvacuation::test_422_missing_approved_by PASSED [  1%]
app/tests/integration/test_evacuation_api.py::TestApproveEvacuation::test_forwards_400_already_approved PASSED [  2%]
app/tests/integration/test_evacuation_api.py::TestActivateEvacuation::test_activate_succeeds PASSED [  2%]
app/tests/integration/test_evacuation_api.py::TestActivateEvacuation::test_forwards_400_not_approved PASSED [  2%]
app/tests/integration/test_evacuation_api.py::TestProgress::test_get_progress PASSED [  2%]
app/tests/integration/test_evacuation_api.py::TestProgress::test_push_progress PASSED [  2%]
app/tests/integration/test_evacuation_api.py::TestProgress::test_push_100_marks_completed PASSED [  3%]
app/tests/integration/test_evacuation_api.py::TestProgress::test_422_missing_metrics PASSED [  3%]
app/tests/integration/test_evacuation_api.py::TestRouteBlockage::test_blockage_succeeds PASSED [  3%]
app/tests/integration/test_evacuation_api.py::TestRouteBlockage::test_422_missing_fields PASSED [  3%]
app/tests/integration/test_evacuation_api.py::TestEscalation::test_escalation_succeeds PASSED [  4%]
app/tests/integration/test_evacuation_api.py::TestEscalation::test_422_missing_reason PASSED [  4%]
app/tests/integration/test_evacuation_api.py::TestCRUD::test_list_plans PASSED [  4%]
app/tests/integration/test_evacuation_api.py::TestCRUD::test_list_plans_with_filter PASSED [  4%]
app/tests/integration/test_evacuation_api.py::TestCRUD::test_get_plan_detail PASSED [  4%]
app/tests/integration/test_evacuation_api.py::TestCRUD::test_get_plan_404_unknown PASSED [  5%]
app/tests/integration/test_evacuation_api.py::TestFullLifecycle::test_pending_approved_active_completed PASSED [  5%]
app/tests/unit/test_auth_schemas.py::test_user_register_request_valid PASSED [  5%]
app/tests/unit/test_auth_schemas.py::test_user_register_request_invalid_phone PASSED [  5%]
app/tests/unit/test_auth_schemas.py::test_user_register_request_invalid_email PASSED [  6%]
app/tests/unit/test_auth_schemas.py::test_user_register_request_without_email PASSED [  6%]
app/tests/unit/test_auth_schemas.py::test_otp_verify_request_valid PASSED [  6%]
app/tests/unit/test_auth_schemas.py::test_otp_verify_request_invalid_otp_length PASSED [  6%]
app/tests/unit/test_auth_schemas.py::test_otp_verify_request_non_numeric PASSED [  6%]
app/tests/unit/test_auth_schemas.py::test_user_login_request_valid PASSED [  7%]
app/tests/unit/test_auth_schemas.py::test_token_response_structure PASSED [  7%]
app/tests/unit/test_auth_schemas.py::test_user_response_from_dict PASSED [  7%]
app/tests/unit/test_auth_schemas.py::test_auth_response_combines_user_and_tokens PASSED [  7%]
app/tests/unit/test_auth_schemas.py::test_message_response PASSED        [  8%]
app/tests/unit/test_auth_schemas.py::test_error_response PASSED          [  8%]
app/tests/unit/test_auth_schemas.py::test_phone_number_e164_validation PASSED [  8%]
app/tests/unit/test_config.py::test_config_loads_from_environment PASSED [  8%]
app/tests/unit/test_config.py::test_config_has_default_values PASSED     [  8%]
app/tests/unit/test_config.py::test_config_validates_jwt_secret_length PASSED [  9%]
app/tests/unit/test_config.py::test_config_supports_different_environments PASSED [  9%]
app/tests/unit/test_config.py::test_config_validates_required_fields FAILED [  9%]
app/tests/unit/test_config.py::test_config_is_singleton PASSED           [  9%]
app/tests/unit/test_database.py::test_database_engine_creation PASSED    [ 10%]
app/tests/unit/test_database.py::test_session_factory_creates_sessions PASSED [ 10%]
app/tests/unit/test_database.py::test_get_db_dependency_provides_session PASSED [ 10%]
app/tests/unit/test_database.py::test_session_cleanup_on_error PASSED    [ 10%]
app/tests/unit/test_deploy_service.py::TestGetSuggestedUnits::test_returns_correct_suggestions_for_fire_high PASSED [ 11%]
app/tests/unit/test_deploy_service.py::TestGetSuggestedUnits::test_shortage_flagged_when_not_enough_units PASSED [ 11%]
app/tests/unit/test_deploy_service.py::TestGetSuggestedUnits::test_no_shortage_when_sufficient_units PASSED [ 11%]
app/tests/unit/test_deploy_service.py::TestGetSuggestedUnits::test_extra_ambulance_added_for_multiple_casualties PASSED [ 11%]
app/tests/unit/test_deploy_service.py::TestGetSuggestedUnits::test_extra_patrol_car_added_for_road_blocked PASSED [ 11%]
app/tests/unit/test_deploy_service.py::TestGetSuggestedUnits::test_no_duplicate_types_from_flags PASSED [ 12%]
app/tests/unit/test_deploy_service.py::TestGetSuggestedUnits::test_returns_404_for_unknown_disaster PASSED [ 12%]
app/tests/unit/test_deploy_service.py::TestGetSuggestedUnits::test_uses_fallback_for_unknown_disaster_type PASSED [ 12%]
app/tests/unit/test_deploy_service.py::TestUpdateGpsLocation::test_updates_gps_for_en_route_deployment PASSED [ 12%]
app/tests/unit/test_deploy_service.py::TestUpdateGpsLocation::test_updates_gps_without_optional_heading_speed PASSED [ 13%]
app/tests/unit/test_deploy_service.py::TestUpdateGpsLocation::test_rejects_completed_deployment PASSED [ 13%]
app/tests/unit/test_deploy_service.py::TestUpdateGpsLocation::test_rejects_cancelled_deployment PASSED [ 13%]
app/tests/unit/test_deploy_service.py::TestUpdateGpsLocation::test_raises_404_for_missing_deployment PASSED [ 13%]
app/tests/unit/test_deploy_service.py::TestGetUnitPositions::test_uses_gps_position_when_available PASSED [ 13%]
app/tests/unit/test_deploy_service.py::TestGetUnitPositions::test_falls_back_to_station_when_no_gps PASSED [ 14%]
app/tests/unit/test_deploy_service.py::TestGetUnitPositions::test_eta_calculated_for_dispatched_unit PASSED [ 14%]
app/tests/unit/test_deploy_service.py::TestGetUnitPositions::test_no_eta_for_on_scene_unit PASSED [ 14%]
app/tests/unit/test_deploy_service.py::TestGetUnitPositions::test_returns_empty_when_no_active_deployments PASSED [ 14%]
app/tests/unit/test_deploy_service.py::TestGetUnitPositions::test_raises_404_for_unknown_disaster PASSED [ 15%]
app/tests/unit/test_deploy_service.py::TestGetUnitPositions::test_multiple_units_returned PASSED [ 15%]
app/tests/unit/test_deploy_service.py::TestRecallUnit::test_recalls_on_scene_deployment PASSED [ 15%]
app/tests/unit/test_deploy_service.py::TestRecallUnit::test_recalls_dispatched_deployment PASSED [ 15%]
app/tests/unit/test_deploy_service.py::TestRecallUnit::test_pending_event_has_correct_topic_and_payload PASSED [ 15%]
app/tests/unit/test_deploy_service.py::TestRecallUnit::test_raises_400_for_already_completed PASSED [ 16%]
app/tests/unit/test_deploy_service.py::TestRecallUnit::test_raises_400_for_already_cancelled PASSED [ 16%]
app/tests/unit/test_deploy_service.py::TestRecallUnit::test_raises_404_for_unknown_deployment PASSED [ 16%]
app/tests/unit/test_deploy_service.py::TestRecallUnit::test_flush_called_after_updates PASSED [ 16%]
app/tests/unit/test_deploy_service.py::TestHaversine::test_same_point_is_zero PASSED [ 17%]
app/tests/unit/test_deploy_service.py::TestHaversine::test_known_distance_dublin_cork PASSED [ 17%]
app/tests/unit/test_deploy_service.py::TestHaversine::test_symmetry PASSED [ 17%]
app/tests/unit/test_deploy_service.py::TestHaversine::test_short_distance_within_dublin PASSED [ 17%]
app/tests/unit/test_evacuation_service.py::TestDublinData::test_zones_exist PASSED [ 17%]
app/tests/unit/test_evacuation_service.py::TestDublinData::test_eight_shelters PASSED [ 18%]
app/tests/unit/test_evacuation_service.py::TestDublinData::test_zone_required_fields PASSED [ 18%]
app/tests/unit/test_evacuation_service.py::TestDublinData::test_shelter_required_fields PASSED [ 18%]
app/tests/unit/test_evacuation_service.py::TestDublinData::test_shelters_positive_capacity PASSED [ 18%]
app/tests/unit/test_evacuation_service.py::TestDublinData::test_zones_near_city_centre PASSED [ 19%]
app/tests/unit/test_evacuation_service.py::TestDublinData::test_critical_wider_than_high PASSED [ 19%]
app/tests/unit/test_evacuation_service.py::TestDublinData::test_at_least_one_zone_returned PASSED [ 19%]
app/tests/unit/test_evacuation_service.py::TestDublinData::test_ambulance_capacity_is_8 PASSED [ 19%]
app/tests/unit/test_evacuation_service.py::TestDublinData::test_bus_capacity_is_50 PASSED [ 20%]
app/tests/unit/test_evacuation_service.py::TestStraightLineFallback::test_returns_dict PASSED [ 20%]
app/tests/unit/test_evacuation_service.py::TestStraightLineFallback::test_flagged_as_fallback PASSED [ 20%]
app/tests/unit/test_evacuation_service.py::TestStraightLineFallback::test_positive_distance PASSED [ 20%]
app/tests/unit/test_evacuation_service.py::TestStraightLineFallback::test_correct_ids PASSED [ 20%]
app/tests/unit/test_evacuation_service.py::TestStraightLineFallback::test_has_two_waypoints PASSED [ 21%]
app/tests/unit/test_evacuation_service.py::TestStraightLineFallback::test_positive_time PASSED [ 21%]
app/tests/unit/test_evacuation_service.py::TestPureHelpers::test_population_profile_totals PASSED [ 21%]
app/tests/unit/test_evacuation_service.py::TestPureHelpers::test_population_profile_zones_count PASSED [ 21%]
app/tests/unit/test_evacuation_service.py::TestPureHelpers::test_transport_bus_count PASSED [ 22%]
app/tests/unit/test_evacuation_service.py::TestPureHelpers::test_transport_ambulances_with_capacity_8 PASSED [ 22%]
app/tests/unit/test_evacuation_service.py::TestPureHelpers::test_allocate_resources_mirrors_transport PASSED [ 22%]
app/tests/unit/test_evacuation_service.py::TestPureHelpers::test_score_at_most_3 PASSED [ 22%]
app/tests/unit/test_evacuation_service.py::TestPureHelpers::test_score_empty_returns_empty PASSED [ 22%]
app/tests/unit/test_evacuation_service.py::TestPureHelpers::test_shorter_distance_wins PASSED [ 23%]
app/tests/unit/test_evacuation_service.py::TestPureHelpers::test_big_delay_penalised PASSED [ 23%]
app/tests/unit/test_evacuation_service.py::TestCongestionWeight::test_empty_returns_1 PASSED [ 23%]
app/tests/unit/test_evacuation_service.py::TestCongestionWeight::test_uc7_ratio_format PASSED [ 23%]
app/tests/unit/test_evacuation_service.py::TestCongestionWeight::test_uc8_level_format PASSED [ 24%]
app/tests/unit/test_evacuation_service.py::TestCongestionWeight::test_unknown_level_defaults_to_1 PASSED [ 24%]
app/tests/unit/test_evacuation_service.py::TestFetchTrafficData::test_calls_external_integration_service PASSED [ 24%]
app/tests/unit/test_evacuation_service.py::TestFetchTrafficData::test_returns_fallback_on_error PASSED [ 24%]
app/tests/unit/test_evacuation_service.py::TestComputeZoneRoutes::test_calls_get_directions_per_shelter PASSED [ 24%]
app/tests/unit/test_evacuation_service.py::TestComputeZoneRoutes::test_passes_blocked_roads_as_avoid PASSED [ 25%]
app/tests/unit/test_evacuation_service.py::TestComputeZoneRoutes::test_fallback_route_on_tomtom_failure PASSED [ 25%]
app/tests/unit/test_evacuation_service.py::TestComputeZoneRoutes::test_enriches_distance_and_time_from_tomtom PASSED [ 25%]
app/tests/unit/test_evacuation_service.py::TestComputeZoneRoutes::test_concurrent_zones PASSED [ 25%]
app/tests/unit/test_evacuation_service.py::TestComputeZoneRoutes::test_empty_route_list_when_all_fail PASSED [ 26%]
app/tests/unit/test_evacuation_service.py::TestPlanEvacuation::test_raises_404_when_disaster_not_found PASSED [ 26%]
app/tests/unit/test_evacuation_service.py::TestPlanEvacuation::test_saves_plan_and_returns_summary PASSED [ 26%]
app/tests/unit/test_evacuation_service.py::TestPlanEvacuation::test_auto_approve_sets_status PASSED [ 26%]
app/tests/unit/test_evacuation_service.py::TestPlanEvacuation::test_transport_numbers_are_sane PASSED [ 26%]
app/tests/unit/test_evacuation_service.py::TestApproveEvacuation::test_approve_pending_plan PASSED [ 27%]
app/tests/unit/test_evacuation_service.py::TestApproveEvacuation::test_raises_400_if_already_approved PASSED [ 27%]
app/tests/unit/test_evacuation_service.py::TestApproveEvacuation::test_raises_400_if_not_pending PASSED [ 27%]
app/tests/unit/test_evacuation_service.py::TestApproveEvacuation::test_raises_404_unknown_plan PASSED [ 27%]
app/tests/unit/test_evacuation_service.py::TestActivateEvacuation::test_activate_approved_plan PASSED [ 28%]
app/tests/unit/test_evacuation_service.py::TestActivateEvacuation::test_raises_400_if_not_approved PASSED [ 28%]
app/tests/unit/test_evacuation_service.py::TestActivateEvacuation::test_initialises_completion_metrics PASSED [ 28%]
app/tests/unit/test_evacuation_service.py::TestUpdateProgress::test_updates_metrics PASSED [ 28%]
app/tests/unit/test_evacuation_service.py::TestUpdateProgress::test_marks_completed_when_all_100 PASSED [ 28%]
app/tests/unit/test_evacuation_service.py::TestUpdateProgress::test_raises_400_if_not_active PASSED [ 29%]
app/tests/unit/test_evacuation_service.py::TestBroadcastAlerts::test_uses_publisher_when_connected PASSED [ 29%]
app/tests/unit/test_evacuation_service.py::TestBroadcastAlerts::test_returns_0_for_empty_users PASSED [ 29%]
app/tests/unit/test_evacuation_service.py::TestSendRouteUpdates::test_uses_publisher_when_connected PASSED [ 29%]
app/tests/unit/test_evacuation_service.py::TestSendRouteUpdates::test_empty_users_returns_0 PASSED [ 30%]
app/tests/unit/test_evaluation_service.py::test_raises_404_when_report_not_found PASSED [ 30%]
app/tests/unit/test_evaluation_service.py::test_evaluation_creates_disaster_record FAILED [ 30%]
app/tests/unit/test_external_integration.py::TestMockMode::test_no_api_key_activates_mock_mode FAILED [ 30%]
app/tests/unit/test_external_integration.py::TestMockMode::test_is_mock_property_true_in_mock_mode PASSED [ 31%]
app/tests/unit/test_external_integration.py::TestMockMode::test_is_mock_property_false_in_live_mode PASSED [ 31%]
app/tests/unit/test_external_integration.py::TestMockMode::test_fetch_traffic_data_returns_segments_in_mock_mode FAILED [ 31%]
app/tests/unit/test_external_integration.py::TestMockMode::test_get_directions_returns_routes_in_mock_mode PASSED [ 31%]
app/tests/unit/test_external_integration.py::TestMockMode::test_mock_routes_have_required_fields PASSED [ 31%]
app/tests/unit/test_external_integration.py::TestMockMode::test_mock_mode_does_not_call_http FAILED [ 32%]
app/tests/unit/test_external_integration.py::TestMockMode::test_set_mode_switches_to_mock PASSED [ 32%]
app/tests/unit/test_external_integration.py::TestMockMode::test_set_mode_switches_to_live PASSED [ 32%]
app/tests/unit/test_external_integration.py::TestMockMode::test_set_mode_raises_on_invalid_mode PASSED [ 32%]
app/tests/unit/test_external_integration.py::TestCircuitBreakerStateMachine::test_circuit_starts_closed PASSED [ 33%]
app/tests/unit/test_external_integration.py::TestCircuitBreakerStateMachine::test_circuit_opens_after_three_consecutive_failures FAILED [ 33%]
app/tests/unit/test_external_integration.py::TestCircuitBreakerStateMachine::test_open_circuit_returns_degraded_mode FAILED [ 33%]
app/tests/unit/test_external_integration.py::TestCircuitBreakerStateMachine::test_degraded_mode_includes_segments FAILED [ 33%]
app/tests/unit/test_external_integration.py::TestCircuitBreakerStateMachine::test_open_circuit_does_not_call_tomtom FAILED [ 33%]
app/tests/unit/test_external_integration.py::TestCircuitBreakerStateMachine::test_routing_returns_degraded_routes_when_circuit_open PASSED [ 34%]
app/tests/unit/test_external_integration.py::TestCircuitBreakerStateMachine::test_circuit_resets_to_closed_state PASSED [ 34%]
app/tests/unit/test_external_integration.py::TestDegradedModeResponse::test_degraded_traffic_has_mode_key FAILED [ 34%]
app/tests/unit/test_external_integration.py::TestDegradedModeResponse::test_degraded_traffic_segments_are_list FAILED [ 34%]
app/tests/unit/test_external_integration.py::TestDegradedModeResponse::test_degraded_routing_routes_are_list PASSED [ 35%]
app/tests/unit/test_external_integration.py::TestDegradedModeResponse::test_exception_in_live_mode_falls_back_to_degraded FAILED [ 35%]
app/tests/unit/test_external_integration.py::TestHealthCheck::test_health_check_returns_mode PASSED [ 35%]
app/tests/unit/test_external_integration.py::TestHealthCheck::test_health_check_returns_circuit_state PASSED [ 35%]
app/tests/unit/test_external_integration.py::TestHealthCheck::test_health_check_returns_api_key_configured FAILED [ 35%]
app/tests/unit/test_external_integration.py::TestHealthCheck::test_health_check_live_service_has_key_configured PASSED [ 36%]
app/tests/unit/test_external_integration.py::TestRecomputeWithOverrides::test_recompute_returns_routes PASSED [ 36%]
app/tests/unit/test_external_integration.py::TestRecomputeWithOverrides::test_recompute_merges_close_lane_overrides PASSED [ 36%]
app/tests/unit/test_features.py::test_vector_length PASSED               [ 36%]
app/tests/unit/test_image_analysis.py::TestBlendConfidence::test_no_image_analysis_returns_engine_score PASSED [ 37%]
app/tests/unit/test_image_analysis.py::TestBlendConfidence::test_empty_analysis_returns_engine_score PASSED [ 37%]
app/tests/unit/test_image_analysis.py::TestBlendConfidence::test_high_image_score_boosts_confidence PASSED [ 37%]
app/tests/unit/test_image_analysis.py::TestBlendConfidence::test_low_image_score_reduces_confidence PASSED [ 37%]
app/tests/unit/test_image_analysis.py::TestBlendConfidence::test_result_clamped_to_max_1 PASSED [ 37%]
app/tests/unit/test_image_analysis.py::TestBlendConfidence::test_result_clamped_to_min_0 PASSED [ 38%]
app/tests/unit/test_image_analysis.py::TestCLIPImageAnalysisProvider::test_empty_urls_returns_empty_result PASSED [ 38%]
app/tests/unit/test_image_analysis.py::TestCLIPImageAnalysisProvider::test_failed_downloads_returns_empty PASSED [ 38%]
app/tests/unit/test_image_analysis.py::TestCLIPImageAnalysisProvider::test_successful_analysis_returns_scores PASSED [ 38%]
app/tests/unit/test_image_analysis.py::TestCLIPImageAnalysisProvider::test_max_score_across_multiple_images PASSED [ 39%]
app/tests/unit/test_jwt_handler.py::test_create_access_token PASSED      [ 39%]
app/tests/unit/test_jwt_handler.py::test_create_refresh_token FAILED     [ 39%]
app/tests/unit/test_jwt_handler.py::test_decode_access_token_valid PASSED [ 39%]
app/tests/unit/test_jwt_handler.py::test_decode_refresh_token_valid FAILED [ 40%]
app/tests/unit/test_jwt_handler.py::test_decode_token_expired PASSED     [ 40%]
app/tests/unit/test_jwt_handler.py::test_decode_token_invalid_signature PASSED [ 40%]
app/tests/unit/test_jwt_handler.py::test_decode_token_malformed PASSED   [ 40%]
app/tests/unit/test_jwt_handler.py::test_token_contains_expiration PASSED [ 40%]
app/tests/unit/test_jwt_handler.py::test_access_token_custom_expiry PASSED [ 41%]
app/tests/unit/test_jwt_handler.py::test_token_type_field FAILED         [ 41%]
app/tests/unit/test_jwt_handler.py::test_get_user_id_from_token PASSED   [ 41%]
app/tests/unit/test_load_simulation.py::TestRerouteSLA::test_reroute_completes_within_sla[50] ERROR [ 41%]
app/tests/unit/test_load_simulation.py::TestRerouteSLA::test_reroute_completes_within_sla[200] ERROR [ 42%]
app/tests/unit/test_load_simulation.py::TestRerouteSLA::test_reroute_completes_within_sla[500] ERROR [ 42%]
app/tests/unit/test_load_simulation.py::TestRerouteSLA::test_all_users_have_route_assignment ERROR [ 42%]
app/tests/unit/test_load_simulation.py::TestCongestionRecalculation::test_monitoring_triggers_recalculation_on_high_congestion ERROR [ 42%]
app/tests/unit/test_load_simulation.py::TestCongestionRecalculation::test_no_recalculation_when_traffic_is_free_flowing ERROR [ 42%]
app/tests/unit/test_load_simulation.py::TestMultiIncident::test_second_incident_triggers_reprioritization ERROR [ 43%]
app/tests/unit/test_load_simulation.py::TestMultiIncident::test_emergency_vehicles_maintain_priority_during_multi_incident ERROR [ 43%]
app/tests/unit/test_load_simulation.py::TestOverrideLoad::test_override_propagates_to_all_users ERROR [ 43%]
app/tests/unit/test_load_simulation.py::TestFullLifecycle::test_full_lifecycle_completes_without_error ERROR [ 43%]
app/tests/unit/test_load_simulation.py::TestFullLifecycle::test_full_lifecycle_timing_benchmark ERROR [ 44%]
app/tests/unit/test_map.py::TestMapProviderInit::test_init_stores_api_key PASSED [ 44%]
app/tests/unit/test_map.py::TestMapProviderInit::test_init_default_style PASSED [ 44%]
app/tests/unit/test_map.py::TestMapProviderInit::test_init_custom_style PASSED [ 44%]
app/tests/unit/test_map.py::TestMapProviderInit::test_init_default_tilesize PASSED [ 44%]
app/tests/unit/test_map.py::TestMapProviderInit::test_init_retina_default_true PASSED [ 45%]
app/tests/unit/test_map.py::TestMapProviderInit::test_init_empty_key_does_not_crash PASSED [ 45%]
app/tests/unit/test_map.py::TestMapProviderGetBaseMapTiles::test_returns_tiles_url_with_placeholders PASSED [ 45%]
app/tests/unit/test_map.py::TestMapProviderGetBaseMapTiles::test_tiles_url_contains_api_key PASSED [ 45%]
app/tests/unit/test_map.py::TestMapProviderGetBaseMapTiles::test_tiles_url_contains_style PASSED [ 46%]
app/tests/unit/test_map.py::TestMapProviderGetBaseMapTiles::test_retina_suffix_present PASSED [ 46%]
app/tests/unit/test_map.py::TestMapProviderGetBaseMapTiles::test_no_retina_suffix_when_disabled PASSED [ 46%]
app/tests/unit/test_map.py::TestMapProviderGetBaseMapTiles::test_returns_attribution PASSED [ 46%]
app/tests/unit/test_map.py::TestMapProviderGetBaseMapTiles::test_returns_style_name PASSED [ 46%]
app/tests/unit/test_map.py::TestMapProviderGetBaseMapTiles::test_style_override_in_call PASSED [ 47%]
app/tests/unit/test_map.py::TestMapProviderGetBaseMapTiles::test_zoom_clamped_to_max PASSED [ 47%]
app/tests/unit/test_map.py::TestMapProviderGetBaseMapTiles::test_zoom_clamped_to_min PASSED [ 47%]
app/tests/unit/test_map.py::TestMapProviderGetBaseMapTiles::test_center_passed_through PASSED [ 47%]
app/tests/unit/test_map.py::TestMapProviderGetBaseMapTiles::test_tilesize_in_url PASSED [ 48%]
app/tests/unit/test_map.py::TestMapProviderGetMapInit::test_returns_center PASSED [ 48%]
app/tests/unit/test_map.py::TestMapProviderGetMapInit::test_returns_zoom PASSED [ 48%]
app/tests/unit/test_map.py::TestMapProviderGetMapInit::test_returns_bounds PASSED [ 48%]
app/tests/unit/test_map.py::TestMapProviderGetMapInit::test_returns_tiles_config PASSED [ 48%]
app/tests/unit/test_map.py::TestMapProviderStyles::test_get_available_styles_returns_list PASSED [ 49%]
app/tests/unit/test_map.py::TestMapProviderStyles::test_each_style_has_name_and_id PASSED [ 49%]
app/tests/unit/test_map.py::TestMapProviderStyles::test_streets_style_present PASSED [ 49%]
app/tests/unit/test_map.py::TestMapProviderStyles::test_is_valid_style_true PASSED [ 49%]
app/tests/unit/test_map.py::TestMapProviderStyles::test_is_valid_style_false PASSED [ 50%]
app/tests/unit/test_map.py::TestLiveMapServiceBaseTiles::test_get_base_map_tiles_calls_provider FAILED [ 50%]
app/tests/unit/test_map.py::TestLiveMapServiceBaseTiles::test_get_base_map_tiles_raises_on_provider_failure FAILED [ 50%]
app/tests/unit/test_map.py::TestLiveMapServiceDisasterCache::test_cache_hit_returns_cached_skips_db FAILED [ 50%]
app/tests/unit/test_map.py::TestLiveMapServiceDisasterCache::test_cache_miss_queries_db_and_caches FAILED [ 51%]
app/tests/unit/test_map.py::TestLiveMapServiceTrafficFallback::test_traffic_success_caches_live FAILED [ 51%]
app/tests/unit/test_map.py::TestLiveMapServiceTrafficFallback::test_provider_down_falls_back_to_cached FAILED [ 51%]
app/tests/unit/test_map.py::TestLiveMapServiceTrafficFallback::test_provider_down_no_cache_returns_none FAILED [ 51%]
app/tests/unit/test_map.py::TestLiveMapServiceCombinedData::test_combines_all_three_sources FAILED [ 51%]
app/tests/unit/test_map.py::TestInitializeEndpoint::test_returns_defaults FAILED [ 52%]
app/tests/unit/test_map.py::TestInitializeEndpoint::test_override_center FAILED [ 52%]
app/tests/unit/test_map.py::TestInitializeEndpoint::test_invalid_lat_rejected FAILED [ 52%]
app/tests/unit/test_map.py::TestInitializeEndpoint::test_invalid_zoom_rejected FAILED [ 52%]
app/tests/unit/test_map.py::TestTilesEndpoint::test_returns_tiles_url FAILED [ 53%]
app/tests/unit/test_map.py::TestTilesEndpoint::test_invalid_style_returns_400 FAILED [ 53%]
app/tests/unit/test_map.py::TestTilesEndpoint::test_provider_unavailable_returns_503 FAILED [ 53%]
app/tests/unit/test_map.py::TestStylesEndpoint::test_returns_style_list FAILED [ 53%]
app/tests/unit/test_map.py::TestDisastersEndpoint::test_returns_disasters FAILED [ 53%]
app/tests/unit/test_map.py::TestDisastersEndpoint::test_missing_bounds_returns_422 PASSED [ 54%]
app/tests/unit/test_map.py::TestDisastersEndpoint::test_empty_result PASSED [ 54%]
app/tests/unit/test_map.py::TestTrafficEndpoint::test_returns_live_traffic FAILED [ 54%]
app/tests/unit/test_map.py::TestTrafficEndpoint::test_returns_unavailable_when_none PASSED [ 54%]
app/tests/unit/test_map.py::TestTrafficEndpoint::test_stale_cache_status FAILED [ 55%]
app/tests/unit/test_map.py::TestCombinedDataEndpoint::test_returns_combined_data FAILED [ 55%]
app/tests/unit/test_map.py::TestCombinedDataEndpoint::test_traffic_none_handled_gracefully PASSED [ 55%]
app/tests/unit/test_map.py::TestCombinedDataEndpoint::test_missing_bounds_returns_422 PASSED [ 55%]
app/tests/unit/test_map.py::TestPendingDisastersEndpoint::test_returns_pending_list FAILED [ 55%]
app/tests/unit/test_map.py::TestPendingDisastersEndpoint::test_empty_pending FAILED [ 56%]
app/tests/unit/test_openweathermap_provider.py::test_returns_weather_context_on_success PASSED [ 56%]
app/tests/unit/test_openweathermap_provider.py::test_wind_speed_converted_from_ms_to_kmh PASSED [ 56%]
app/tests/unit/test_openweathermap_provider.py::test_condition_clear_sky PASSED [ 56%]
app/tests/unit/test_openweathermap_provider.py::test_condition_thunderstorm PASSED [ 57%]
app/tests/unit/test_openweathermap_provider.py::test_condition_rain PASSED [ 57%]
app/tests/unit/test_openweathermap_provider.py::test_condition_drizzle_maps_to_rain PASSED [ 57%]
app/tests/unit/test_openweathermap_provider.py::test_condition_clouds PASSED [ 57%]
app/tests/unit/test_openweathermap_provider.py::test_condition_snow_maps_to_storm PASSED [ 57%]
app/tests/unit/test_openweathermap_provider.py::test_condition_atmosphere_maps_to_cloudy PASSED [ 58%]
app/tests/unit/test_openweathermap_provider.py::test_unknown_condition_code_defaults_to_clear PASSED [ 58%]
app/tests/unit/test_openweathermap_provider.py::test_http_error_propagates PASSED [ 58%]
app/tests/unit/test_openweathermap_provider.py::test_api_key_is_passed_in_params PASSED [ 58%]
app/tests/unit/test_otp_service.py::test_generate_otp_creates_valid_code PASSED [ 59%]
app/tests/unit/test_otp_service.py::test_generate_otp_custom_length PASSED [ 59%]
app/tests/unit/test_otp_service.py::test_store_otp_in_redis FAILED       [ 59%]
app/tests/unit/test_otp_service.py::test_verify_otp_success FAILED       [ 59%]
app/tests/unit/test_otp_service.py::test_verify_otp_invalid_code FAILED  [ 60%]
app/tests/unit/test_otp_service.py::test_verify_otp_expired FAILED       [ 60%]
app/tests/unit/test_otp_service.py::test_get_otp_key_format PASSED       [ 60%]
app/tests/unit/test_otp_service.py::test_send_otp_generates_and_stores FAILED [ 60%]
app/tests/unit/test_otp_service.py::test_rate_limiting_prevents_spam FAILED [ 60%]
app/tests/unit/test_password_handler.py::test_hash_password_creates_valid_hash PASSED [ 61%]
app/tests/unit/test_password_handler.py::test_verify_password_with_correct_password PASSED [ 61%]
app/tests/unit/test_password_handler.py::test_verify_password_with_wrong_password PASSED [ 61%]
app/tests/unit/test_password_handler.py::test_same_password_produces_different_hashes PASSED [ 61%]
app/tests/unit/test_password_handler.py::test_hash_password_with_empty_string PASSED [ 62%]
app/tests/unit/test_password_handler.py::test_verify_password_with_invalid_hash_format PASSED [ 62%]
app/tests/unit/test_password_handler.py::test_password_hash_is_not_reversible PASSED [ 62%]
app/tests/unit/test_password_handler.py::test_hash_password_performance PASSED [ 62%]
app/tests/unit/test_predictive_congestion.py::TestProjectSegmentOccupancy::test_returns_predictions_for_all_horizons PASSED [ 62%]
app/tests/unit/test_predictive_congestion.py::TestProjectSegmentOccupancy::test_vehicles_arrive_at_segment_after_travel_time FAILED [ 63%]
app/tests/unit/test_predictive_congestion.py::TestProjectSegmentOccupancy::test_segment_occupancy_does_not_exceed_assigned_vehicles PASSED [ 63%]
app/tests/unit/test_predictive_congestion.py::TestProjectSegmentOccupancy::test_occupancy_increases_then_decreases_as_vehicles_pass_through PASSED [ 63%]
app/tests/unit/test_predictive_congestion.py::TestProjectSegmentOccupancy::test_empty_plan_produces_zero_occupancy PASSED [ 63%]
app/tests/unit/test_predictive_congestion.py::TestPredictCongestionBreaches::test_detects_breach_on_overloaded_segment FAILED [ 64%]
app/tests/unit/test_predictive_congestion.py::TestPredictCongestionBreaches::test_non_overloaded_segment_not_flagged PASSED [ 64%]
app/tests/unit/test_predictive_congestion.py::TestPredictCongestionBreaches::test_breach_includes_predicted_time PASSED [ 64%]
app/tests/unit/test_predictive_congestion.py::TestPredictCongestionBreaches::test_breach_prediction_is_a_congestion_prediction_object PASSED [ 64%]
app/tests/unit/test_predictive_congestion.py::TestPredictCongestionBreaches::test_threshold_100pct_produces_no_breaches FAILED [ 64%]
app/tests/unit/test_predictive_congestion.py::TestPredictCongestionBreaches::test_threshold_10pct_flags_all_active_segments FAILED [ 65%]
app/tests/unit/test_predictive_congestion.py::TestPredictCongestionBreaches::test_empty_plan_produces_no_breaches PASSED [ 65%]
app/tests/unit/test_predictive_congestion.py::TestPredictCongestionBreaches::test_dual_check_mode_combines_reactive_and_predictive FAILED [ 65%]
app/tests/unit/test_predictive_congestion.py::TestPredictCongestionBreaches::test_recalculation_triggered_when_prediction_fires_even_if_live_is_clear FAILED [ 65%]
app/tests/unit/test_redis.py::test_redis_client_creation FAILED          [ 66%]
app/tests/unit/test_redis.py::test_redis_set_and_get FAILED              [ 66%]
app/tests/unit/test_redis.py::test_redis_setex_with_ttl FAILED           [ 66%]
app/tests/unit/test_redis.py::test_redis_delete_operation FAILED         [ 66%]
app/tests/unit/test_redis.py::test_redis_connection_pool FAILED          [ 66%]
app/tests/unit/test_redis.py::test_redis_client_singleton FAILED         [ 67%]
app/tests/unit/test_redis.py::test_redis_handles_connection_errors FAILED [ 67%]
app/tests/unit/test_redis_fallback.py::test_redis_connection PASSED      [ 67%]
app/tests/unit/test_redis_fallback.py::test_fallback_cache PASSED        [ 67%]
app/tests/unit/test_registration_cache.py::test_store_registration_data FAILED [ 68%]
app/tests/unit/test_registration_cache.py::test_store_registration_data_without_email FAILED [ 68%]
app/tests/unit/test_registration_cache.py::test_get_registration_data FAILED [ 68%]
app/tests/unit/test_registration_cache.py::test_get_registration_data_not_found FAILED [ 68%]
app/tests/unit/test_registration_cache.py::test_get_registration_data_invalid_json FAILED [ 68%]
app/tests/unit/test_registration_cache.py::test_delete_registration_data FAILED [ 69%]
app/tests/unit/test_registration_cache.py::test_update_registration_data FAILED [ 69%]
app/tests/unit/test_registration_cache.py::test_update_registration_data_not_found FAILED [ 69%]
app/tests/unit/test_registration_cache.py::test_registration_cache_key_format PASSED [ 69%]
app/tests/unit/test_registration_cache.py::test_store_with_custom_expiry FAILED [ 70%]
app/tests/unit/test_registration_error.py::test_registration PASSED      [ 70%]
app/tests/unit/test_reroute.py::TestGetBlockedRoads::test_fetches_blocked_roads_for_disaster PASSED [ 70%]
app/tests/unit/test_reroute.py::TestGetBlockedRoads::test_returns_empty_list_when_no_roads_blocked PASSED [ 70%]
app/tests/unit/test_reroute.py::TestFetchTrafficData::test_calls_external_integration_service_for_traffic PASSED [ 71%]
app/tests/unit/test_reroute.py::TestFetchTrafficData::test_activates_degraded_mode_on_tomtom_error PASSED [ 71%]
app/tests/unit/test_reroute.py::TestFetchTrafficData::test_degraded_mode_uses_cached_graph_and_default_speeds PASSED [ 71%]
app/tests/unit/test_reroute.py::TestFindImpactedVehicles::test_returns_vehicles_on_blocked_segments PASSED [ 71%]
app/tests/unit/test_reroute.py::TestFindImpactedVehicles::test_returns_empty_when_no_vehicles_in_region PASSED [ 71%]
app/tests/unit/test_reroute.py::TestGetDirections::test_calls_external_for_each_destination PASSED [ 72%]
app/tests/unit/test_reroute.py::TestGetDirections::test_passes_blocked_roads_as_avoidance_to_tomtom PASSED [ 72%]
app/tests/unit/test_reroute.py::TestGetDirections::test_requests_multiple_alternatives_from_tomtom PASSED [ 72%]
app/tests/unit/test_reroute.py::TestFeasibilityCheck::test_proceeds_when_feasible_routes_exist PASSED [ 72%]
app/tests/unit/test_reroute.py::TestFeasibilityCheck::test_activates_temporary_controls_when_no_feasible_routes PASSED [ 73%]
app/tests/unit/test_reroute.py::TestFeasibilityCheck::test_temporary_controls_include_contraflow_option PASSED [ 73%]
app/tests/unit/test_reroute.py::TestPersistence::test_saves_reroute_plan_to_database PASSED [ 73%]
app/tests/unit/test_reroute.py::TestPersistence::test_updates_blocked_road_status_to_closed PASSED [ 73%]
app/tests/unit/test_reroute.py::TestPersistence::test_logs_reroute_event_to_database PASSED [ 73%]
app/tests/unit/test_reroute.py::TestOperatorOverride::test_applies_override_to_database FAILED [ 74%]
app/tests/unit/test_reroute.py::TestOperatorOverride::test_recomputes_routes_after_override FAILED [ 74%]
app/tests/unit/test_reroute.py::TestOperatorOverride::test_pushes_updated_routes_to_map_after_override FAILED [ 74%]
app/tests/unit/test_reroute.py::TestOperatorOverride::test_publishes_event_after_override FAILED [ 74%]
app/tests/unit/test_reroute.py::TestPriorityRouting::test_emergency_vehicles_assigned_first PASSED [ 75%]
app/tests/unit/test_reroute.py::TestPriorityRouting::test_public_transport_prioritized_over_general PASSED [ 75%]
app/tests/unit/test_reroute.py::TestClearanceRestoration::test_updates_road_status_to_open_on_clearance FAILED [ 75%]
app/tests/unit/test_reroute.py::TestClearanceRestoration::test_clears_active_detours_on_restoration FAILED [ 75%]
app/tests/unit/test_reroute.py::TestClearanceRestoration::test_sends_all_clear_notification_on_restoration FAILED [ 75%]
app/tests/unit/test_reroute.py::TestClearanceRestoration::test_logs_restored_event_on_clearance FAILED [ 76%]
app/tests/unit/test_reroute_pipeline.py::TestFullReroutePipeline::test_trigger_reroute_returns_status_rerouted FAILED [ 76%]
app/tests/unit/test_reroute_pipeline.py::TestFullReroutePipeline::test_reroute_plan_persisted_to_database FAILED [ 76%]
app/tests/unit/test_reroute_pipeline.py::TestFullReroutePipeline::test_blocked_roads_marked_closed_after_trigger FAILED [ 76%]
app/tests/unit/test_reroute_pipeline.py::TestFullReroutePipeline::test_routes_pushed_to_map_after_trigger FAILED [ 77%]
app/tests/unit/test_reroute_pipeline.py::TestFullReroutePipeline::test_reroute_event_published_to_rabbitmq_after_trigger FAILED [ 77%]
app/tests/unit/test_reroute_pipeline.py::TestFullReroutePipeline::test_event_logged_after_trigger FAILED [ 77%]
app/tests/unit/test_reroute_pipeline.py::TestFullReroutePipeline::test_returns_no_vehicles_when_area_empty FAILED [ 77%]
app/tests/unit/test_reroute_pipeline.py::TestExternalIntegrationWithMockClient::test_mock_client_traffic_flow_success_path PASSED [ 77%]
app/tests/unit/test_reroute_pipeline.py::TestExternalIntegrationWithMockClient::test_mock_client_routing_success_path PASSED [ 78%]
app/tests/unit/test_reroute_pipeline.py::TestExternalIntegrationWithMockClient::test_mock_client_error_path_raises PASSED [ 78%]
app/tests/unit/test_reroute_pipeline.py::TestExternalIntegrationWithMockClient::test_degraded_mode_activated_after_mock_failure PASSED [ 78%]
app/tests/unit/test_reroute_pipeline.py::TestCircuitBreakerDegradedModeIntegration::test_repeated_failures_return_degraded_mode PASSED [ 78%]
app/tests/unit/test_reroute_pipeline.py::TestCircuitBreakerDegradedModeIntegration::test_degraded_mode_result_has_expected_shape PASSED [ 79%]
app/tests/unit/test_reroute_pipeline.py::TestMappingServiceEvents::test_highlight_routes_called_with_routes PASSED [ 79%]
app/tests/unit/test_reroute_pipeline.py::TestMappingServiceEvents::test_clear_detours_called_on_restore PASSED [ 79%]
app/tests/unit/test_reroute_pipeline.py::TestPublisherEvents::test_publish_all_clear_on_restore FAILED [ 79%]
app/tests/unit/test_reroute_pipeline.py::TestPublisherEvents::test_publish_route_updated_on_override FAILED [ 80%]
app/tests/unit/test_reroute_pipeline.py::TestPublisherEvents::test_publisher_failure_does_not_crash_pipeline FAILED [ 80%]
app/tests/unit/test_reroute_pipeline.py::TestOverrideFlowIntegration::test_full_override_flow_applies_persists_maps_publishes FAILED [ 80%]
app/tests/unit/test_route_service.py::TestGetDeploymentRoute::test_returns_tomtom_route_when_available PASSED [ 80%]
app/tests/unit/test_route_service.py::TestGetDeploymentRoute::test_falls_back_to_estimate_on_tomtom_exception PASSED [ 80%]
app/tests/unit/test_route_service.py::TestGetDeploymentRoute::test_falls_back_to_estimate_on_empty_routes PASSED [ 81%]
app/tests/unit/test_route_service.py::TestGetDeploymentRoute::test_uses_current_gps_as_origin_when_available PASSED [ 81%]
app/tests/unit/test_route_service.py::TestGetDeploymentRoute::test_uses_station_as_origin_when_no_gps PASSED [ 81%]
app/tests/unit/test_route_service.py::TestGetDeploymentRoute::test_raises_404_for_missing_deployment PASSED [ 81%]
app/tests/unit/test_route_service.py::TestGetDeploymentRoute::test_raises_422_when_no_station_no_gps PASSED [ 82%]
app/tests/unit/test_route_service.py::TestGetDeploymentRoute::test_result_includes_unit_and_destination_info PASSED [ 82%]
app/tests/unit/test_route_service.py::TestCalculateRoute::test_returns_tomtom_route PASSED [ 82%]
app/tests/unit/test_route_service.py::TestCalculateRoute::test_haversine_fallback_on_exception PASSED [ 82%]
app/tests/unit/test_route_service.py::TestCalculateRoute::test_haversine_road_factor_applied PASSED [ 82%]
app/tests/unit/test_route_service.py::TestCalculateRoute::test_haversine_duration_at_40_kmh PASSED [ 83%]
app/tests/unit/test_route_service.py::TestCalculateRoute::test_same_origin_and_destination_returns_zero_distance PASSED [ 83%]
app/tests/unit/test_route_service.py::TestCalculateRoute::test_integration_called_with_correct_origin_dest PASSED [ 83%]
app/tests/unit/test_route_service.py::TestHaversineKm::test_zero_distance_same_point PASSED [ 83%]
app/tests/unit/test_route_service.py::TestHaversineKm::test_dublin_to_cork_approx_220km PASSED [ 84%]
app/tests/unit/test_route_service.py::TestHaversineKm::test_symmetric PASSED [ 84%]
app/tests/unit/test_route_service.py::TestHaversineKm::test_positive_result PASSED [ 84%]
app/tests/unit/test_rules_engine.py::test_critical_severity_triggers_evacuation PASSED [ 84%]
app/tests/unit/test_tomtom.py::TestParseFlowForDisplay::test_parses_current_speed PASSED [ 84%]
app/tests/unit/test_tomtom.py::TestParseFlowForDisplay::test_parses_free_flow_speed PASSED [ 85%]
app/tests/unit/test_tomtom.py::TestParseFlowForDisplay::test_parses_confidence PASSED [ 85%]
app/tests/unit/test_tomtom.py::TestParseFlowForDisplay::test_parses_coordinates_as_lat_lng_pairs PASSED [ 85%]
app/tests/unit/test_tomtom.py::TestParseFlowForDisplay::test_assigns_congestion_level_heavy_for_low_speed_ratio PASSED [ 85%]
app/tests/unit/test_tomtom.py::TestParseFlowForDisplay::test_congestion_level_light_for_high_speed_ratio PASSED [ 86%]
app/tests/unit/test_tomtom.py::TestParseFlowForDisplay::test_congestion_level_severe_for_very_low_speed PASSED [ 86%]
app/tests/unit/test_tomtom.py::TestParseFlowForDisplay::test_returns_empty_list_for_missing_flow_segment PASSED [ 86%]
app/tests/unit/test_tomtom.py::TestParseFlowForDisplay::test_handles_zero_free_flow_speed_gracefully PASSED [ 86%]
app/tests/unit/test_tomtom.py::TestParseFlowForDisplay::test_segment_id_is_deterministic_for_same_coords PASSED [ 86%]
app/tests/unit/test_tomtom.py::TestParseFlowForReroute::test_includes_congestion_ratio PASSED [ 87%]
app/tests/unit/test_tomtom.py::TestParseFlowForReroute::test_congestion_ratio_between_zero_and_one PASSED [ 87%]
app/tests/unit/test_tomtom.py::TestParseFlowForReroute::test_congestion_ratio_correct_value PASSED [ 87%]
app/tests/unit/test_tomtom.py::TestParseFlowForReroute::test_includes_travel_times PASSED [ 87%]
app/tests/unit/test_tomtom.py::TestParseFlowForReroute::test_includes_all_display_fields PASSED [ 88%]
app/tests/unit/test_tomtom.py::TestParseFlowForReroute::test_congestion_ratio_clamped_when_speed_exceeds_free_flow PASSED [ 88%]
app/tests/unit/test_tomtom.py::TestParseRoutingResponse::test_returns_correct_number_of_routes PASSED [ 88%]
app/tests/unit/test_tomtom.py::TestParseRoutingResponse::test_each_route_has_required_fields PASSED [ 88%]
app/tests/unit/test_tomtom.py::TestParseRoutingResponse::test_assigns_unique_route_ids PASSED [ 88%]
app/tests/unit/test_tomtom.py::TestParseRoutingResponse::test_travel_times_match_source PASSED [ 89%]
app/tests/unit/test_tomtom.py::TestParseRoutingResponse::test_points_are_lat_lng_lists PASSED [ 89%]
app/tests/unit/test_tomtom.py::TestParseRoutingResponse::test_returns_empty_list_when_no_routes PASSED [ 89%]
app/tests/unit/test_tomtom.py::TestParseRoutingResponse::test_geojson_is_linestring_feature PASSED [ 89%]
app/tests/unit/test_tomtom.py::TestParseRoutingResponse::test_geojson_coordinates_are_lng_lat_order PASSED [ 90%]
app/tests/unit/test_tomtom.py::TestBuildAvoidanceParams::test_builds_one_constraint_per_road PASSED [ 90%]
app/tests/unit/test_tomtom.py::TestBuildAvoidanceParams::test_constraint_has_bounding_box_structure PASSED [ 90%]
app/tests/unit/test_tomtom.py::TestBuildAvoidanceParams::test_bounding_box_contains_lat_lng PASSED [ 90%]
app/tests/unit/test_tomtom.py::TestBuildAvoidanceParams::test_south_less_than_north PASSED [ 91%]
app/tests/unit/test_tomtom.py::TestBuildAvoidanceParams::test_west_less_than_east PASSED [ 91%]
app/tests/unit/test_tomtom.py::TestBuildAvoidanceParams::test_empty_roads_returns_empty PASSED [ 91%]
app/tests/unit/test_tomtom.py::TestBuildAvoidanceParams::test_skips_road_with_missing_coordinates PASSED [ 91%]
app/tests/unit/test_tomtom.py::TestExtractGeoJSON::test_produces_feature_collection PASSED [ 91%]
app/tests/unit/test_tomtom.py::TestExtractGeoJSON::test_one_feature_per_route PASSED [ 92%]
app/tests/unit/test_tomtom.py::TestExtractGeoJSON::test_each_feature_is_linestring PASSED [ 92%]
app/tests/unit/test_tomtom.py::TestExtractGeoJSON::test_properties_include_route_metadata PASSED [ 92%]
app/tests/unit/test_tomtom.py::TestExtractGeoJSON::test_empty_routes_returns_empty_collection PASSED [ 92%]
app/tests/unit/test_tomtom.py::TestCongestionHelpers::test_high_congestion_ratio_for_slow_speed PASSED [ 93%]
app/tests/unit/test_tomtom.py::TestCongestionHelpers::test_zero_congestion_ratio_for_free_flow PASSED [ 93%]
app/tests/unit/test_tomtom.py::TestCongestionHelpers::test_congestion_ratio_non_negative PASSED [ 93%]
app/tests/unit/test_tomtom.py::TestCongestionHelpers::test_zero_free_flow_speed_returns_zero PASSED [ 93%]
app/tests/unit/test_tomtom.py::TestCongestionHelpers::test_congestion_level_thresholds PASSED [ 93%]
app/tests/unit/test_traffic_distribution.py::TestAnalyzeRouteCapacity::test_returns_capacity_analysis_for_each_route PASSED [ 94%]
app/tests/unit/test_traffic_distribution.py::TestAnalyzeRouteCapacity::test_remaining_capacity_computed_correctly PASSED [ 94%]
app/tests/unit/test_traffic_distribution.py::TestAnalyzeRouteCapacity::test_score_incorporates_congestion_factor PASSED [ 94%]
app/tests/unit/test_traffic_distribution.py::TestAnalyzeRouteCapacity::test_over_capacity_route_marked_as_unavailable PASSED [ 94%]
app/tests/unit/test_traffic_distribution.py::TestAnalyzeRouteCapacity::test_analysis_marks_available_routes_correctly PASSED [ 95%]
app/tests/unit/test_traffic_distribution.py::TestOptimizeTrafficDistribution::test_returns_reroute_plan PASSED [ 95%]
app/tests/unit/test_traffic_distribution.py::TestOptimizeTrafficDistribution::test_all_vehicles_assigned_a_route PASSED [ 95%]
app/tests/unit/test_traffic_distribution.py::TestOptimizeTrafficDistribution::test_load_spreads_across_multiple_routes FAILED [ 95%]
app/tests/unit/test_traffic_distribution.py::TestOptimizeTrafficDistribution::test_primary_route_not_over_capacity PASSED [ 95%]
app/tests/unit/test_traffic_distribution.py::TestOptimizeTrafficDistribution::test_overflow_moves_to_secondary_when_primary_full PASSED [ 96%]
app/tests/unit/test_traffic_distribution.py::TestOptimizeTrafficDistribution::test_segment_loads_updated_incrementally PASSED [ 96%]
app/tests/unit/test_traffic_distribution.py::TestOptimizeTrafficDistribution::test_graceful_handling_when_all_routes_full PASSED [ 96%]
app/tests/unit/test_traffic_distribution.py::TestOptimizeTrafficDistribution::test_estimated_times_present_for_each_route PASSED [ 96%]
app/tests/unit/test_traffic_distribution.py::TestOptimizeTrafficDistribution::test_deterministic_output_for_same_input PASSED [ 97%]
app/tests/unit/test_traffic_distribution.py::TestScoreRoute::test_lower_score_preferred PASSED [ 97%]
app/tests/unit/test_traffic_distribution.py::TestScoreRoute::test_congestion_penalty_overrides_shorter_time PASSED [ 97%]
app/tests/unit/test_user_service.py::test_register_user_sends_otp PASSED [ 97%]
app/tests/unit/test_user_service.py::test_register_user_duplicate_phone_raises_error PASSED [ 97%]
app/tests/unit/test_user_service.py::test_verify_registration_creates_user_and_returns_tokens FAILED [ 98%]
app/tests/unit/test_user_service.py::test_verify_registration_invalid_otp_raises_error FAILED [ 98%]
app/tests/unit/test_user_service.py::test_login_user_sends_otp FAILED    [ 98%]
app/tests/unit/test_user_service.py::test_login_user_not_found_raises_error PASSED [ 98%]
app/tests/unit/test_user_service.py::test_verify_login_returns_tokens FAILED [ 99%]
app/tests/unit/test_user_service.py::test_get_user_by_id FAILED          [ 99%]
app/tests/unit/test_xgboost_strategy.py::test_load_raises_file_not_found_for_missing_path PASSED [ 99%]
app/tests/unit/test_xgboost_strategy.py::test_high_confidence_uses_xgboost_strategy_id FAILED [ 99%]
app/tests/unit/test_xgboost_strategy.py::test_low_confidence_falls_back_to_rules PASSED [100%]

==================================== ERRORS ====================================
____ ERROR at setup of TestRerouteSLA.test_reroute_completes_within_sla[50] ____
app/tests/unit/test_load_simulation.py:403: in reroute_service_for_load
    svc = RerouteService(
E   TypeError: RerouteService.__init__() got an unexpected keyword argument 'notifications'
        RerouteService = <class 'app.services.reroute_service.RerouteService'>
        mock_db_repository = <AsyncMock id='4593050576'>
        mock_external_integration_service = <AsyncMock id='4594598352'>
        mock_mapping_service = <AsyncMock id='4592594064'>
        mock_notification_service = <AsyncMock id='4593808976'>
___ ERROR at setup of TestRerouteSLA.test_reroute_completes_within_sla[200] ____
app/tests/unit/test_load_simulation.py:403: in reroute_service_for_load
    svc = RerouteService(
E   TypeError: RerouteService.__init__() got an unexpected keyword argument 'notifications'
        RerouteService = <class 'app.services.reroute_service.RerouteService'>
        mock_db_repository = <AsyncMock id='4589658128'>
        mock_external_integration_service = <AsyncMock id='4592153552'>
        mock_mapping_service = <AsyncMock id='4592403216'>
        mock_notification_service = <AsyncMock id='4592222480'>
___ ERROR at setup of TestRerouteSLA.test_reroute_completes_within_sla[500] ____
app/tests/unit/test_load_simulation.py:403: in reroute_service_for_load
    svc = RerouteService(
E   TypeError: RerouteService.__init__() got an unexpected keyword argument 'notifications'
        RerouteService = <class 'app.services.reroute_service.RerouteService'>
        mock_db_repository = <AsyncMock id='4592170384'>
        mock_external_integration_service = <AsyncMock id='4592167440'>
        mock_mapping_service = <AsyncMock id='4592411728'>
        mock_notification_service = <AsyncMock id='4592385296'>
____ ERROR at setup of TestRerouteSLA.test_all_users_have_route_assignment _____
app/tests/unit/test_load_simulation.py:403: in reroute_service_for_load
    svc = RerouteService(
E   TypeError: RerouteService.__init__() got an unexpected keyword argument 'notifications'
        RerouteService = <class 'app.services.reroute_service.RerouteService'>
        mock_db_repository = <AsyncMock id='4572814800'>
        mock_external_integration_service = <AsyncMock id='4592096080'>
        mock_mapping_service = <AsyncMock id='4592226896'>
        mock_notification_service = <AsyncMock id='4592273424'>
_ ERROR at setup of TestCongestionRecalculation.test_monitoring_triggers_recalculation_on_high_congestion _
app/tests/unit/test_load_simulation.py:403: in reroute_service_for_load
    svc = RerouteService(
E   TypeError: RerouteService.__init__() got an unexpected keyword argument 'notifications'
        RerouteService = <class 'app.services.reroute_service.RerouteService'>
        mock_db_repository = <AsyncMock id='4591503440'>
        mock_external_integration_service = <AsyncMock id='4592179792'>
        mock_mapping_service = <AsyncMock id='4591687504'>
        mock_notification_service = <AsyncMock id='4592381840'>
_ ERROR at setup of TestCongestionRecalculation.test_no_recalculation_when_traffic_is_free_flowing _
app/tests/unit/test_load_simulation.py:403: in reroute_service_for_load
    svc = RerouteService(
E   TypeError: RerouteService.__init__() got an unexpected keyword argument 'notifications'
        RerouteService = <class 'app.services.reroute_service.RerouteService'>
        mock_db_repository = <AsyncMock id='4592408336'>
        mock_external_integration_service = <AsyncMock id='4591892816'>
        mock_mapping_service = <AsyncMock id='4592167504'>
        mock_notification_service = <AsyncMock id='4589733776'>
_ ERROR at setup of TestMultiIncident.test_second_incident_triggers_reprioritization _
app/tests/unit/test_load_simulation.py:403: in reroute_service_for_load
    svc = RerouteService(
E   TypeError: RerouteService.__init__() got an unexpected keyword argument 'notifications'
        RerouteService = <class 'app.services.reroute_service.RerouteService'>
        mock_db_repository = <AsyncMock id='4591655504'>
        mock_external_integration_service = <AsyncMock id='4593452048'>
        mock_mapping_service = <AsyncMock id='4590698640'>
        mock_notification_service = <AsyncMock id='4592183760'>
_ ERROR at setup of TestMultiIncident.test_emergency_vehicles_maintain_priority_during_multi_incident _
app/tests/unit/test_load_simulation.py:403: in reroute_service_for_load
    svc = RerouteService(
E   TypeError: RerouteService.__init__() got an unexpected keyword argument 'notifications'
        RerouteService = <class 'app.services.reroute_service.RerouteService'>
        mock_db_repository = <AsyncMock id='4591976208'>
        mock_external_integration_service = <AsyncMock id='4590289040'>
        mock_mapping_service = <AsyncMock id='4591964560'>
        mock_notification_service = <AsyncMock id='4592182224'>
___ ERROR at setup of TestOverrideLoad.test_override_propagates_to_all_users ___
app/tests/unit/test_load_simulation.py:403: in reroute_service_for_load
    svc = RerouteService(
E   TypeError: RerouteService.__init__() got an unexpected keyword argument 'notifications'
        RerouteService = <class 'app.services.reroute_service.RerouteService'>
        mock_db_repository = <AsyncMock id='4591644432'>
        mock_external_integration_service = <AsyncMock id='4592410768'>
        mock_mapping_service = <AsyncMock id='4592155536'>
        mock_notification_service = <AsyncMock id='4590561104'>
_ ERROR at setup of TestFullLifecycle.test_full_lifecycle_completes_without_error _
app/tests/unit/test_load_simulation.py:403: in reroute_service_for_load
    svc = RerouteService(
E   TypeError: RerouteService.__init__() got an unexpected keyword argument 'notifications'
        RerouteService = <class 'app.services.reroute_service.RerouteService'>
        mock_db_repository = <AsyncMock id='4590419152'>
        mock_external_integration_service = <AsyncMock id='4590101392'>
        mock_mapping_service = <AsyncMock id='4590475792'>
        mock_notification_service = <AsyncMock id='4590703120'>
___ ERROR at setup of TestFullLifecycle.test_full_lifecycle_timing_benchmark ___
app/tests/unit/test_load_simulation.py:403: in reroute_service_for_load
    svc = RerouteService(
E   TypeError: RerouteService.__init__() got an unexpected keyword argument 'notifications'
        RerouteService = <class 'app.services.reroute_service.RerouteService'>
        mock_db_repository = <AsyncMock id='4590700304'>
        mock_external_integration_service = <AsyncMock id='4589892624'>
        mock_mapping_service = <AsyncMock id='4591968208'>
        mock_notification_service = <AsyncMock id='4589828944'>
=================================== FAILURES ===================================
____________________ test_config_validates_required_fields _____________________
app/tests/unit/test_config.py:133: in test_config_validates_required_fields
    with pytest.raises(ValidationError) as exc_info:
E   Failed: DID NOT RAISE <class 'pydantic_core._pydantic_core.ValidationError'>
        Settings   = <class 'app.core.config.Settings'>
        ValidationError = <class 'pydantic_core._pydantic_core.ValidationError'>
        exc_info   = <ExceptionInfo for raises contextmanager>
        get_settings = <functools._lru_cache_wrapper object at 0x11195ceb0>
        monkeypatch = <_pytest.monkeypatch.MonkeyPatch object at 0x1118cd790>
___________________ test_evaluation_creates_disaster_record ____________________
app/tests/unit/test_evaluation_service.py:144: in test_evaluation_creates_disaster_record
    await service.evaluate("report-uuid-1234")
        mock_disaster_repo = <AsyncMock id='4591643472'>
        service    = <app.services.evaluation.service.DisasterEvaluationService object at 0x111c79750>
app/services/evaluation/service.py:204: in evaluate
    context = self._build_context(
        historical_ctx = {'avg_confidence': 0.81,
 'false_alarm_count': 1,
 'false_alarm_rate': 0.2,
 'source': 'historical_db',
 'total': 5,
 'verified_count': 4}
        image_analysis_ctx = None
        infrastructure_ctx = {'count': 1,
 'facilities': [{'amenity': 'hospital', 'name': "St James's Hospital"}],
 'radius_m': 1000,
 'source': 'openstreetmap'}
        lat        = 53.35
        lon        = -6.26
        nearby_reports = []
        photo_urls = []
        population_ctx = {'distance_km': 1.2,
 'nearest_place': 'Dublin',
 'population': 553165,
 'source': 'geonames'}
        report     = {'created_at': '2026-02-22T10:00:00',
 'description': 'Large fire on main street',
 'disaster_id': None,
 'disaster_type': 'fire',
 'id': 'report-uuid-1234',
 'location': {'lat': 53.35, 'lon': -6.26},
 'location_address': 'Main St, Dublin',
 'multiple_casualties': True,
 'people_affected': 20,
 'photo_count': 0,
 'photo_urls': [],
 'rejection_reason': None,
 'report_status': 'pending',
 'reviewed_at': None,
 'reviewed_by_id': None,
 'road_blocked': True,
 'severity': 'high',
 'structural_damage': False,
 'user_id': 'user-uuid-5678'}
        report_id  = 'report-uuid-1234'
        self       = <app.services.evaluation.service.DisasterEvaluationService object at 0x111c79750>
        surveillance_ctx = {'camera_count': 2, 'cameras': [], 'radius_m': 500, 'source': 'openstreetmap'}
        traffic_ctx = {'flow': [{'congestion_level': 'moderate'}], 'source': 'livemap'}
        trigger_reroute_override = None
        weather_ctx = {'condition': 'clear', 'source': 'openweathermap', 'temperature_c': 15.0}
app/services/evaluation/service.py:369: in _build_context
    severity = DisasterSeverity(severity_value)
        historical_ctx = {'avg_confidence': 0.81,
 'false_alarm_count': 1,
 'false_alarm_rate': 0.2,
 'source': 'historical_db',
 'total': 5,
 'verified_count': 4}
        image_analysis_ctx = None
        infrastructure_ctx = {'count': 1,
 'facilities': [{'amenity': 'hospital', 'name': "St James's Hospital"}],
 'radius_m': 1000,
 'source': 'openstreetmap'}
        nearby_reports = []
        population_ctx = {'distance_km': 1.2,
 'nearest_place': 'Dublin',
 'population': 553165,
 'source': 'geonames'}
        report     = {'created_at': '2026-02-22T10:00:00',
 'description': 'Large fire on main street',
 'disaster_id': None,
 'disaster_type': 'fire',
 'id': 'report-uuid-1234',
 'location': {'lat': 53.35, 'lon': -6.26},
 'location_address': 'Main St, Dublin',
 'multiple_casualties': True,
 'people_affected': 20,
 'photo_count': 0,
 'photo_urls': [],
 'rejection_reason': None,
 'report_status': 'pending',
 'reviewed_at': None,
 'reviewed_by_id': None,
 'road_blocked': True,
 'severity': 'high',
 'structural_damage': False,
 'user_id': 'user-uuid-5678'}
        severity_value = 'high'
        surveillance_ctx = {'camera_count': 2, 'cameras': [], 'radius_m': 500, 'source': 'openstreetmap'}
        traffic_ctx = {'flow': [{'congestion_level': 'moderate'}], 'source': 'livemap'}
        weather_ctx = {'condition': 'clear', 'source': 'openweathermap', 'temperature_c': 15.0}
/opt/homebrew/Cellar/python@3.11/3.11.14_1/Frameworks/Python.framework/Versions/3.11/lib/python3.11/enum.py:714: in __call__
    return cls.__new__(cls, value)
        boundary   = None
        cls        = <enum 'DisasterSeverity'>
        module     = None
        names      = None
        qualname   = None
        start      = 1
        type       = None
        value      = 'high'
/opt/homebrew/Cellar/python@3.11/3.11.14_1/Frameworks/Python.framework/Versions/3.11/lib/python3.11/enum.py:1137: in __new__
    raise ve_exc
E   ValueError: 'high' is not a valid DisasterSeverity
        cls        = <enum 'DisasterSeverity'>
        exc        = None
        result     = None
        value      = 'high'
        ve_exc     = None
_______________ TestMockMode.test_no_api_key_activates_mock_mode _______________
app/tests/unit/test_external_integration.py:45: in test_no_api_key_activates_mock_mode
    assert svc.mode == "mock"
E   AssertionError: assert 'live' == 'mock'
E     - mock
E     + live
        self       = <app.tests.unit.test_external_integration.TestMockMode object at 0x1109bc990>
        svc        = <app.providers.integration_service.IntegrationService object at 0x111be6850>
----------------------------- Captured stderr call -----------------------------
2026-03-28 18:48:05 - app.providers.integration_service - INFO - IntegrationService: live mode
------------------------------ Captured log call -------------------------------
INFO     app.providers.integration_service:integration_service.py:184 IntegrationService: live mode
______ TestMockMode.test_fetch_traffic_data_returns_segments_in_mock_mode ______
app/tests/unit/test_external_integration.py:55: in test_fetch_traffic_data_returns_segments_in_mock_mode
    result = await mock_service.fetch_traffic_data("region-dublin-m50")
E   TypeError: IntegrationService.fetch_traffic_data() missing 1 required positional argument: 'lon'
        mock_service = <app.providers.integration_service.IntegrationService object at 0x111c2b910>
        self       = <app.tests.unit.test_external_integration.TestMockMode object at 0x1109bcf10>
---------------------------- Captured stderr setup -----------------------------
2026-03-28 18:48:05 - app.providers.integration_service - INFO - IntegrationService: mock mode
------------------------------ Captured log setup ------------------------------
INFO     app.providers.integration_service:integration_service.py:184 IntegrationService: mock mode
________________ TestMockMode.test_mock_mode_does_not_call_http ________________
app/tests/unit/test_external_integration.py:83: in test_mock_mode_does_not_call_http
    await mock_service.fetch_traffic_data("region-test")
E   TypeError: IntegrationService.fetch_traffic_data() missing 1 required positional argument: 'lon'
        mock_service = <app.providers.integration_service.IntegrationService object at 0x111c1b690>
        mock_session = <AsyncMock name='_get_session' id='4592869648'>
        self       = <app.tests.unit.test_external_integration.TestMockMode object at 0x1109be110>
---------------------------- Captured stderr setup -----------------------------
2026-03-28 18:48:05 - app.providers.integration_service - INFO - IntegrationService: mock mode
------------------------------ Captured log setup ------------------------------
INFO     app.providers.integration_service:integration_service.py:184 IntegrationService: mock mode
_ TestCircuitBreakerStateMachine.test_circuit_opens_after_three_consecutive_failures _
app/tests/unit/test_external_integration.py:131: in test_circuit_opens_after_three_consecutive_failures
    assert live_service.circuit_breaker.current_state == "open"
E   AssertionError: assert 'closed' == 'open'
E     - open
E     + closed
        _          = 2
        live_service = <app.providers.integration_service.IntegrationService object at 0x111c16150>
        self       = <app.tests.unit.test_external_integration.TestCircuitBreakerStateMachine object at 0x1109ccb50>
---------------------------- Captured stderr setup -----------------------------
2026-03-28 18:48:05 - app.providers.integration_service - INFO - IntegrationService: live mode
------------------------------ Captured log setup ------------------------------
INFO     app.providers.integration_service:integration_service.py:184 IntegrationService: live mode
____ TestCircuitBreakerStateMachine.test_open_circuit_returns_degraded_mode ____
app/tests/unit/test_external_integration.py:139: in test_open_circuit_returns_degraded_mode
    result = await live_service.fetch_traffic_data("region-test")
E   TypeError: IntegrationService.fetch_traffic_data() missing 1 required positional argument: 'lon'
        live_service = <app.providers.integration_service.IntegrationService object at 0x11190ae10>
        self       = <app.tests.unit.test_external_integration.TestCircuitBreakerStateMachine object at 0x1109cd450>
---------------------------- Captured stderr setup -----------------------------
2026-03-28 18:48:05 - app.providers.integration_service - INFO - IntegrationService: live mode
------------------------------ Captured log setup ------------------------------
INFO     app.providers.integration_service:integration_service.py:184 IntegrationService: live mode
_____ TestCircuitBreakerStateMachine.test_degraded_mode_includes_segments ______
app/tests/unit/test_external_integration.py:145: in test_degraded_mode_includes_segments
    result = await live_service.fetch_traffic_data("region-test")
E   TypeError: IntegrationService.fetch_traffic_data() missing 1 required positional argument: 'lon'
        live_service = <app.providers.integration_service.IntegrationService object at 0x111bfc950>
        self       = <app.tests.unit.test_external_integration.TestCircuitBreakerStateMachine object at 0x1109cdd90>
---------------------------- Captured stderr setup -----------------------------
2026-03-28 18:48:05 - app.providers.integration_service - INFO - IntegrationService: live mode
------------------------------ Captured log setup ------------------------------
INFO     app.providers.integration_service:integration_service.py:184 IntegrationService: live mode
____ TestCircuitBreakerStateMachine.test_open_circuit_does_not_call_tomtom _____
app/tests/unit/test_external_integration.py:154: in test_open_circuit_does_not_call_tomtom
    await live_service.fetch_traffic_data("region-test")
E   TypeError: IntegrationService.fetch_traffic_data() missing 1 required positional argument: 'lon'
        live_service = <app.providers.integration_service.IntegrationService object at 0x111beffd0>
        mock_get   = <AsyncMock name='get_traffic' id='4592686160'>
        self       = <app.tests.unit.test_external_integration.TestCircuitBreakerStateMachine object at 0x1109ce690>
---------------------------- Captured stderr setup -----------------------------
2026-03-28 18:48:05 - app.providers.integration_service - INFO - IntegrationService: live mode
------------------------------ Captured log setup ------------------------------
INFO     app.providers.integration_service:integration_service.py:184 IntegrationService: live mode
_________ TestDegradedModeResponse.test_degraded_traffic_has_mode_key __________
app/tests/unit/test_external_integration.py:186: in test_degraded_traffic_has_mode_key
    result = await live_service.fetch_traffic_data("region-test")
E   TypeError: IntegrationService.fetch_traffic_data() missing 1 required positional argument: 'lon'
        live_service = <app.providers.integration_service.IntegrationService object at 0x111be5450>
        self       = <app.tests.unit.test_external_integration.TestDegradedModeResponse object at 0x1109bfc90>
---------------------------- Captured stderr setup -----------------------------
2026-03-28 18:48:07 - app.providers.integration_service - INFO - IntegrationService: live mode
------------------------------ Captured log setup ------------------------------
INFO     app.providers.integration_service:integration_service.py:184 IntegrationService: live mode
_______ TestDegradedModeResponse.test_degraded_traffic_segments_are_list _______
app/tests/unit/test_external_integration.py:192: in test_degraded_traffic_segments_are_list
    result = await live_service.fetch_traffic_data("region-test")
E   TypeError: IntegrationService.fetch_traffic_data() missing 1 required positional argument: 'lon'
        live_service = <app.providers.integration_service.IntegrationService object at 0x111c18bd0>
        self       = <app.tests.unit.test_external_integration.TestDegradedModeResponse object at 0x1109bda10>
---------------------------- Captured stderr setup -----------------------------
2026-03-28 18:48:07 - app.providers.integration_service - INFO - IntegrationService: live mode
------------------------------ Captured log setup ------------------------------
INFO     app.providers.integration_service:integration_service.py:184 IntegrationService: live mode
_ TestDegradedModeResponse.test_exception_in_live_mode_falls_back_to_degraded __
app/tests/unit/test_external_integration.py:212: in test_exception_in_live_mode_falls_back_to_degraded
    result = await live_service.fetch_traffic_data("region-test")
E   TypeError: IntegrationService.fetch_traffic_data() missing 1 required positional argument: 'lon'
        live_service = <app.providers.integration_service.IntegrationService object at 0x111c15d50>
        self       = <app.tests.unit.test_external_integration.TestDegradedModeResponse object at 0x1109cf250>
---------------------------- Captured stderr setup -----------------------------
2026-03-28 18:48:09 - app.providers.integration_service - INFO - IntegrationService: live mode
------------------------------ Captured log setup ------------------------------
INFO     app.providers.integration_service:integration_service.py:184 IntegrationService: live mode
_________ TestHealthCheck.test_health_check_returns_api_key_configured _________
app/tests/unit/test_external_integration.py:239: in test_health_check_returns_api_key_configured
    assert result["api_key_configured"] is False
E   assert True is False
        mock_service = <app.providers.integration_service.IntegrationService object at 0x11190b350>
        result     = {'api_key_configured': True, 'circuit_breaker_state': 'open', 'mode': 'mock'}
        self       = <app.tests.unit.test_external_integration.TestHealthCheck object at 0x1109d4890>
---------------------------- Captured stderr setup -----------------------------
2026-03-28 18:48:09 - app.providers.integration_service - INFO - IntegrationService: mock mode
------------------------------ Captured log setup ------------------------------
INFO     app.providers.integration_service:integration_service.py:184 IntegrationService: mock mode
__________________________ test_create_refresh_token ___________________________
app/tests/unit/test_jwt_handler.py:44: in test_create_refresh_token
    token = create_refresh_token(user_id=user_id)
E   TypeError: create_refresh_token() missing 1 required positional argument: 'user_type'
        create_refresh_token = <function create_refresh_token at 0x10fc3c720>
        user_id    = '123'
_______________________ test_decode_refresh_token_valid ________________________
app/tests/unit/test_jwt_handler.py:80: in test_decode_refresh_token_valid
    token = create_refresh_token(user_id=user_id)
E   TypeError: create_refresh_token() missing 1 required positional argument: 'user_type'
        create_refresh_token = <function create_refresh_token at 0x10fc3c720>
        decode_token = <function decode_token at 0x10fc3c680>
        user_id    = '456'
____________________________ test_token_type_field _____________________________
app/tests/unit/test_jwt_handler.py:192: in test_token_type_field
    refresh_token = create_refresh_token(user_id="123")
E   TypeError: create_refresh_token() missing 1 required positional argument: 'user_type'
        access_token = 'eyJhbGciOiJIUzI1NiIsInR5cCI6IkpXVCJ9.eyJzdWIiOiIxMjMiLCJ0eXBlIjoiYWNjZXNzIiwidXNlcl90eXBlIjoidXNlciIsImV4cCI6MTc3NDgxMDA5MywiaWF0IjoxNzc0NzIzNjkzfQ.PdG8PI6m7bUrcmhDhT8fiD8m7PGXDmDhNWLvTCGrWE4'
        create_access_token = <function create_access_token at 0x10fc3c900>
        create_refresh_token = <function create_refresh_token at 0x10fc3c720>
        decode_token = <function decode_token at 0x10fc3c680>
______ TestLiveMapServiceBaseTiles.test_get_base_map_tiles_calls_provider ______
app/tests/unit/test_map.py:289: in test_get_base_map_tiles_calls_provider
    svc = LiveMapService(repo, mock_redis_client, map_provider, traffic_provider)
E   TypeError: LiveMapService.__init__() missing 1 required positional argument: 'traffic_provider'
        LiveMapService = <class 'app.services.live_map_service.LiveMapService'>
        map_provider = <AsyncMock id='4592856976'>
        mock_redis_client = <AsyncMock id='4593896784'>
        repo       = <AsyncMock id='4590184080'>
        self       = <app.tests.unit.test_map.TestLiveMapServiceBaseTiles object at 0x1117a6e50>
        traffic_provider = <AsyncMock id='4590185488'>
_ TestLiveMapServiceBaseTiles.test_get_base_map_tiles_raises_on_provider_failure _
app/tests/unit/test_map.py:303: in test_get_base_map_tiles_raises_on_provider_failure
    svc = LiveMapService(repo, mock_redis_client, map_provider, traffic_provider)
E   TypeError: LiveMapService.__init__() missing 1 required positional argument: 'traffic_provider'
        LiveMapService = <class 'app.services.live_map_service.LiveMapService'>
        map_provider = <AsyncMock id='4590180688'>
        mock_redis_client = <AsyncMock id='4590100880'>
        repo       = <AsyncMock id='4591644368'>
        self       = <app.tests.unit.test_map.TestLiveMapServiceBaseTiles object at 0x1117a6390>
        traffic_provider = <AsyncMock id='4590440272'>
____ TestLiveMapServiceDisasterCache.test_cache_hit_returns_cached_skips_db ____
app/tests/unit/test_map.py:323: in test_cache_hit_returns_cached_skips_db
    svc = LiveMapService(repo, mock_redis_client, map_provider, traffic_provider)
E   TypeError: LiveMapService.__init__() missing 1 required positional argument: 'traffic_provider'
        LiveMapService = <class 'app.services.live_map_service.LiveMapService'>
        bounds     = '53.30,-6.35,53.40,-6.20'
        cached     = [{'id': 'd1', 'type': 'flood'}, {'id': 'd2', 'type': 'fire'}]
        map_provider = <AsyncMock id='4595149264'>
        mock_redis_client = <AsyncMock id='4590407376'>
        repo       = <AsyncMock id='4595149200'>
        self       = <app.tests.unit.test_map.TestLiveMapServiceDisasterCache object at 0x1117a5210>
        traffic_provider = <AsyncMock id='4595173136'>
____ TestLiveMapServiceDisasterCache.test_cache_miss_queries_db_and_caches _____
app/tests/unit/test_map.py:342: in test_cache_miss_queries_db_and_caches
    svc = LiveMapService(repo, mock_redis_client, map_provider, traffic_provider)
E   TypeError: LiveMapService.__init__() missing 1 required positional argument: 'traffic_provider'
        LiveMapService = <class 'app.services.live_map_service.LiveMapService'>
        bounds     = '53.30,-6.35,53.40,-6.20'
        cache_key  = 'live_map:disasters:53.30,-6.35,53.40,-6.20'
        map_provider = <AsyncMock id='4595174288'>
        mock_redis_client = <AsyncMock id='4594951824'>
        repo       = <AsyncMock id='4595176528'>
        self       = <app.tests.unit.test_map.TestLiveMapServiceDisasterCache object at 0x1117998d0>
        traffic_provider = <AsyncMock id='4590447568'>
______ TestLiveMapServiceTrafficFallback.test_traffic_success_caches_live ______
app/tests/unit/test_map.py:371: in test_traffic_success_caches_live
    svc = LiveMapService(repo, mock_redis_client, map_provider, traffic_provider)
E   TypeError: LiveMapService.__init__() missing 1 required positional argument: 'traffic_provider'
        LiveMapService = <class 'app.services.live_map_service.LiveMapService'>
        bounds     = '53.30,-6.35,53.40,-6.20'
        map_provider = <AsyncMock id='4594562448'>
        mock_redis_client = <AsyncMock id='4594978000'>
        repo       = <AsyncMock id='4594557456'>
        self       = <app.tests.unit.test_map.TestLiveMapServiceTrafficFallback object at 0x1117a9d50>
        traffic_provider = <AsyncMock id='4594551376'>
__ TestLiveMapServiceTrafficFallback.test_provider_down_falls_back_to_cached ___
app/tests/unit/test_map.py:392: in test_provider_down_falls_back_to_cached
    svc = LiveMapService(repo, mock_redis_client, map_provider, traffic_provider)
E   TypeError: LiveMapService.__init__() missing 1 required positional argument: 'traffic_provider'
        LiveMapService = <class 'app.services.live_map_service.LiveMapService'>
        bounds     = '53.30,-6.35,53.40,-6.20'
        cache_key  = 'live_map:traffic:53.30,-6.35,53.40,-6.20'
        cached     = {'flow': [{'speed': 18}], 'source': 'cache'}
        map_provider = <AsyncMock id='4594925712'>
        mock_redis_client = <AsyncMock id='4595200912'>
        repo       = <AsyncMock id='4594870544'>
        self       = <app.tests.unit.test_map.TestLiveMapServiceTrafficFallback object at 0x1117aa6d0>
        traffic_provider = <AsyncMock id='4594870800'>
__ TestLiveMapServiceTrafficFallback.test_provider_down_no_cache_returns_none __
app/tests/unit/test_map.py:409: in test_provider_down_no_cache_returns_none
    svc = LiveMapService(repo, mock_redis_client, map_provider, traffic_provider)
E   TypeError: LiveMapService.__init__() missing 1 required positional argument: 'traffic_provider'
        LiveMapService = <class 'app.services.live_map_service.LiveMapService'>
        bounds     = '53.30,-6.35,53.40,-6.20'
        map_provider = <AsyncMock id='4594712272'>
        mock_redis_client = <AsyncMock id='4594614992'>
        repo       = <AsyncMock id='4595478416'>
        self       = <app.tests.unit.test_map.TestLiveMapServiceTrafficFallback object at 0x1117ab050>
        traffic_provider = <AsyncMock id='4595478544'>
________ TestLiveMapServiceCombinedData.test_combines_all_three_sources ________
app/tests/unit/test_map.py:442: in test_combines_all_three_sources
    svc = LiveMapService(repo, mock_redis_client, map_provider, traffic_provider)
E   TypeError: LiveMapService.__init__() missing 1 required positional argument: 'traffic_provider'
        LiveMapService = <class 'app.services.live_map_service.LiveMapService'>
        map_provider = <AsyncMock id='4594930064'>
        mock_redis_client = <AsyncMock id='4594784208'>
        repo       = <AsyncMock id='4594928848'>
        self       = <app.tests.unit.test_map.TestLiveMapServiceCombinedData object at 0x1117abd50>
        traffic_provider = <AsyncMock id='4594868176'>
_________________ TestInitializeEndpoint.test_returns_defaults _________________
app/tests/unit/test_map.py:463: in test_returns_defaults
    resp = await async_client.get("/api/v1/live-map/initialize")
        async_client = <httpx.AsyncClient object at 0x111e6b010>
        self       = <app.tests.unit.test_map.TestInitializeEndpoint object at 0x1117b0ad0>
venv/lib/python3.11/site-packages/httpx/_client.py:1786: in get
    return await self.request(
        auth       = <httpx._client.UseClientDefault object at 0x10b33ea50>
        cookies    = None
        extensions = None
        follow_redirects = <httpx._client.UseClientDefault object at 0x10b33ea50>
        headers    = None
        params     = None
        self       = <httpx.AsyncClient object at 0x111e6b010>
        timeout    = <httpx._client.UseClientDefault object at 0x10b33ea50>
        url        = '/api/v1/live-map/initialize'
venv/lib/python3.11/site-packages/httpx/_client.py:1559: in request
    return await self.send(request, auth=auth, follow_redirects=follow_redirects)
        auth       = <httpx._client.UseClientDefault object at 0x10b33ea50>
        content    = None
        cookies    = None
        data       = None
        extensions = None
        files      = None
        follow_redirects = <httpx._client.UseClientDefault object at 0x10b33ea50>
        headers    = None
        json       = None
        method     = 'GET'
        params     = None
        request    = <Request('GET', 'http://test/api/v1/live-map/initialize')>
        self       = <httpx.AsyncClient object at 0x111e6b010>
        timeout    = <httpx._client.UseClientDefault object at 0x10b33ea50>
        url        = '/api/v1/live-map/initialize'
venv/lib/python3.11/site-packages/httpx/_client.py:1646: in send
    response = await self._send_handling_auth(
        auth       = <httpx.Auth object at 0x111e6bf10>
        follow_redirects = False
        request    = <Request('GET', 'http://test/api/v1/live-map/initialize')>
        self       = <httpx.AsyncClient object at 0x111e6b010>
        stream     = False
venv/lib/python3.11/site-packages/httpx/_client.py:1674: in _send_handling_auth
    response = await self._send_handling_redirects(
        auth       = <httpx.Auth object at 0x111e6bf10>
        auth_flow  = <async_generator object Auth.async_auth_flow at 0x111bf31f0>
        follow_redirects = False
        history    = []
        request    = <Request('GET', 'http://test/api/v1/live-map/initialize')>
        self       = <httpx.AsyncClient object at 0x111e6b010>
[...]
        cls        = <enum 'DisasterSeverity'>
        exc        = None
        result     = None
        value      = 'high'
        ve_exc     = None
=============================== warnings summary ===============================
venv/lib/python3.11/site-packages/locust/__init__.py:16
  /Users/ruthwikt/dev/DRS/drs-backend/venv/lib/python3.11/site-packages/locust/__init__.py:16: MonkeyPatchWarning: Monkey-patching ssl after ssl has already been imported may lead to errors, including RecursionError on Python 3.6. It may also silently lead to incorrect behaviour on Python 3.7. Please monkey-patch earlier. See https://github.com/gevent/gevent/issues/1016. Modules that had direct imports (NOT patched): ['urllib3.util.ssl_ (/Users/ruthwikt/dev/DRS/drs-backend/venv/lib/python3.11/site-packages/urllib3/util/ssl_.py)', 'aio_pika.robust_connection (/Users/ruthwikt/dev/DRS/drs-backend/venv/lib/python3.11/site-packages/aio_pika/robust_connection.py)', 'aiohttp.connector (/Users/ruthwikt/dev/DRS/drs-backend/venv/lib/python3.11/site-packages/aiohttp/connector.py)', 'aiohttp.client_exceptions (/Users/ruthwikt/dev/DRS/drs-backend/venv/lib/python3.11/site-packages/aiohttp/client_exceptions.py)', 'aiohttp.client_reqrep (/Users/ruthwikt/dev/DRS/drs-backend/venv/lib/python3.11/site-packages/aiohttp/client_reqrep.py)', 'anyio.streams.tls (/Users/ruthwikt/dev/DRS/drs-backend/venv/lib/python3.11/site-packages/anyio/streams/tls.py)', 'urllib3.util (/Users/ruthwikt/dev/DRS/drs-backend/venv/lib/python3.11/site-packages/urllib3/util/__init__.py)', 'aio_pika.connection (/Users/ruthwikt/dev/DRS/drs-backend/venv/lib/python3.11/site-packages/aio_pika/connection.py)']. 
    monkey.patch_all()

app/tests/unit/test_map.py::TestMapProviderInit::test_init_stores_api_key
  app/tests/unit/test_map.py:44: PytestWarning: The test <Function test_init_stores_api_key> is marked with '@pytest.mark.asyncio' but it is not an async function. Please remove the asyncio mark. If the test is not marked explicitly, check for global marks applied via 'pytestmark'.
    def test_init_stores_api_key(self):

app/tests/unit/test_map.py::TestMapProviderInit::test_init_default_style
  app/tests/unit/test_map.py:50: PytestWarning: The test <Function test_init_default_style> is marked with '@pytest.mark.asyncio' but it is not an async function. Please remove the asyncio mark. If the test is not marked explicitly, check for global marks applied via 'pytestmark'.
    def test_init_default_style(self):

app/tests/unit/test_map.py::TestMapProviderInit::test_init_custom_style
  app/tests/unit/test_map.py:56: PytestWarning: The test <Function test_init_custom_style> is marked with '@pytest.mark.asyncio' but it is not an async function. Please remove the asyncio mark. If the test is not marked explicitly, check for global marks applied via 'pytestmark'.
    def test_init_custom_style(self):

app/tests/unit/test_map.py::TestMapProviderInit::test_init_default_tilesize
  app/tests/unit/test_map.py:62: PytestWarning: The test <Function test_init_default_tilesize> is marked with '@pytest.mark.asyncio' but it is not an async function. Please remove the asyncio mark. If the test is not marked explicitly, check for global marks applied via 'pytestmark'.
    def test_init_default_tilesize(self):

app/tests/unit/test_map.py::TestMapProviderInit::test_init_retina_default_true
  app/tests/unit/test_map.py:68: PytestWarning: The test <Function test_init_retina_default_true> is marked with '@pytest.mark.asyncio' but it is not an async function. Please remove the asyncio mark. If the test is not marked explicitly, check for global marks applied via 'pytestmark'.
    def test_init_retina_default_true(self):

app/tests/unit/test_map.py::TestMapProviderInit::test_init_empty_key_does_not_crash
  app/tests/unit/test_map.py:74: PytestWarning: The test <Function test_init_empty_key_does_not_crash> is marked with '@pytest.mark.asyncio' but it is not an async function. Please remove the asyncio mark. If the test is not marked explicitly, check for global marks applied via 'pytestmark'.
    def test_init_empty_key_does_not_crash(self):

app/tests/unit/test_map.py::TestMapProviderStyles::test_get_available_styles_returns_list
  app/tests/unit/test_map.py:233: PytestWarning: The test <Function test_get_available_styles_returns_list> is marked with '@pytest.mark.asyncio' but it is not an async function. Please remove the asyncio mark. If the test is not marked explicitly, check for global marks applied via 'pytestmark'.
    def test_get_available_styles_returns_list(self):

app/tests/unit/test_map.py::TestMapProviderStyles::test_each_style_has_name_and_id
  app/tests/unit/test_map.py:242: PytestWarning: The test <Function test_each_style_has_name_and_id> is marked with '@pytest.mark.asyncio' but it is not an async function. Please remove the asyncio mark. If the test is not marked explicitly, check for global marks applied via 'pytestmark'.
    def test_each_style_has_name_and_id(self):

app/tests/unit/test_map.py::TestMapProviderStyles::test_streets_style_present
  app/tests/unit/test_map.py:250: PytestWarning: The test <Function test_streets_style_present> is marked with '@pytest.mark.asyncio' but it is not an async function. Please remove the asyncio mark. If the test is not marked explicitly, check for global marks applied via 'pytestmark'.
    def test_streets_style_present(self):

app/tests/unit/test_map.py::TestMapProviderStyles::test_is_valid_style_true
  app/tests/unit/test_map.py:257: PytestWarning: The test <Function test_is_valid_style_true> is marked with '@pytest.mark.asyncio' but it is not an async function. Please remove the asyncio mark. If the test is not marked explicitly, check for global marks applied via 'pytestmark'.
    def test_is_valid_style_true(self):

app/tests/unit/test_map.py::TestMapProviderStyles::test_is_valid_style_false
  app/tests/unit/test_map.py:263: PytestWarning: The test <Function test_is_valid_style_false> is marked with '@pytest.mark.asyncio' but it is not an async function. Please remove the asyncio mark. If the test is not marked explicitly, check for global marks applied via 'pytestmark'.
    def test_is_valid_style_false(self):

-- Docs: https://docs.pytest.org/en/stable/how-to/capture-warnings.html
=========================== short test summary info ============================
ERROR app/tests/unit/test_load_simulation.py::TestRerouteSLA::test_reroute_completes_within_sla[50]
ERROR app/tests/unit/test_load_simulation.py::TestRerouteSLA::test_reroute_completes_within_sla[200]
ERROR app/tests/unit/test_load_simulation.py::TestRerouteSLA::test_reroute_completes_within_sla[500]
ERROR app/tests/unit/test_load_simulation.py::TestRerouteSLA::test_all_users_have_route_assignment
ERROR app/tests/unit/test_load_simulation.py::TestCongestionRecalculation::test_monitoring_triggers_recalculation_on_high_congestion
ERROR app/tests/unit/test_load_simulation.py::TestCongestionRecalculation::test_no_recalculation_when_traffic_is_free_flowing
ERROR app/tests/unit/test_load_simulation.py::TestMultiIncident::test_second_incident_triggers_reprioritization
ERROR app/tests/unit/test_load_simulation.py::TestMultiIncident::test_emergency_vehicles_maintain_priority_during_multi_incident
ERROR app/tests/unit/test_load_simulation.py::TestOverrideLoad::test_override_propagates_to_all_users
ERROR app/tests/unit/test_load_simulation.py::TestFullLifecycle::test_full_lifecycle_completes_without_error
ERROR app/tests/unit/test_load_simulation.py::TestFullLifecycle::test_full_lifecycle_timing_benchmark
FAILED app/tests/unit/test_config.py::test_config_validates_required_fields
FAILED app/tests/unit/test_evaluation_service.py::test_evaluation_creates_disaster_record
FAILED app/tests/unit/test_external_integration.py::TestMockMode::test_no_api_key_activates_mock_mode
FAILED app/tests/unit/test_external_integration.py::TestMockMode::test_fetch_traffic_data_returns_segments_in_mock_mode
FAILED app/tests/unit/test_external_integration.py::TestMockMode::test_mock_mode_does_not_call_http
FAILED app/tests/unit/test_external_integration.py::TestCircuitBreakerStateMachine::test_circuit_opens_after_three_consecutive_failures
FAILED app/tests/unit/test_external_integration.py::TestCircuitBreakerStateMachine::test_open_circuit_returns_degraded_mode
FAILED app/tests/unit/test_external_integration.py::TestCircuitBreakerStateMachine::test_degraded_mode_includes_segments
FAILED app/tests/unit/test_external_integration.py::TestCircuitBreakerStateMachine::test_open_circuit_does_not_call_tomtom
FAILED app/tests/unit/test_external_integration.py::TestDegradedModeResponse::test_degraded_traffic_has_mode_key
FAILED app/tests/unit/test_external_integration.py::TestDegradedModeResponse::test_degraded_traffic_segments_are_list
FAILED app/tests/unit/test_external_integration.py::TestDegradedModeResponse::test_exception_in_live_mode_falls_back_to_degraded
FAILED app/tests/unit/test_external_integration.py::TestHealthCheck::test_health_check_returns_api_key_configured
FAILED app/tests/unit/test_jwt_handler.py::test_create_refresh_token - TypeEr...
FAILED app/tests/unit/test_jwt_handler.py::test_decode_refresh_token_valid - ...
FAILED app/tests/unit/test_jwt_handler.py::test_token_type_field - TypeError:...
FAILED app/tests/unit/test_map.py::TestLiveMapServiceBaseTiles::test_get_base_map_tiles_calls_provider
FAILED app/tests/unit/test_map.py::TestLiveMapServiceBaseTiles::test_get_base_map_tiles_raises_on_provider_failure
FAILED app/tests/unit/test_map.py::TestLiveMapServiceDisasterCache::test_cache_hit_returns_cached_skips_db
FAILED app/tests/unit/test_map.py::TestLiveMapServiceDisasterCache::test_cache_miss_queries_db_and_caches
FAILED app/tests/unit/test_map.py::TestLiveMapServiceTrafficFallback::test_traffic_success_caches_live
FAILED app/tests/unit/test_map.py::TestLiveMapServiceTrafficFallback::test_provider_down_falls_back_to_cached
FAILED app/tests/unit/test_map.py::TestLiveMapServiceTrafficFallback::test_provider_down_no_cache_returns_none
FAILED app/tests/unit/test_map.py::TestLiveMapServiceCombinedData::test_combines_all_three_sources
FAILED app/tests/unit/test_map.py::TestInitializeEndpoint::test_returns_defaults
FAILED app/tests/unit/test_map.py::TestInitializeEndpoint::test_override_center
FAILED app/tests/unit/test_map.py::TestInitializeEndpoint::test_invalid_lat_rejected
FAILED app/tests/unit/test_map.py::TestInitializeEndpoint::test_invalid_zoom_rejected
FAILED app/tests/unit/test_map.py::TestTilesEndpoint::test_returns_tiles_url
FAILED app/tests/unit/test_map.py::TestTilesEndpoint::test_invalid_style_returns_400
FAILED app/tests/unit/test_map.py::TestTilesEndpoint::test_provider_unavailable_returns_503
FAILED app/tests/unit/test_map.py::TestStylesEndpoint::test_returns_style_list
FAILED app/tests/unit/test_map.py::TestDisastersEndpoint::test_returns_disasters
FAILED app/tests/unit/test_map.py::TestTrafficEndpoint::test_returns_live_traffic
FAILED app/tests/unit/test_map.py::TestTrafficEndpoint::test_stale_cache_status
FAILED app/tests/unit/test_map.py::TestCombinedDataEndpoint::test_returns_combined_data
FAILED app/tests/unit/test_map.py::TestPendingDisastersEndpoint::test_returns_pending_list
FAILED app/tests/unit/test_map.py::TestPendingDisastersEndpoint::test_empty_pending
FAILED app/tests/unit/test_otp_service.py::test_store_otp_in_redis - Attribut...
FAILED app/tests/unit/test_otp_service.py::test_verify_otp_success - Attribut...
FAILED app/tests/unit/test_otp_service.py::test_verify_otp_invalid_code - Att...
FAILED app/tests/unit/test_otp_service.py::test_verify_otp_expired - Attribut...
FAILED app/tests/unit/test_otp_service.py::test_send_otp_generates_and_stores
FAILED app/tests/unit/test_otp_service.py::test_rate_limiting_prevents_spam
FAILED app/tests/unit/test_predictive_congestion.py::TestProjectSegmentOccupancy::test_vehicles_arrive_at_segment_after_travel_time
FAILED app/tests/unit/test_predictive_congestion.py::TestPredictCongestionBreaches::test_detects_breach_on_overloaded_segment
FAILED app/tests/unit/test_predictive_congestion.py::TestPredictCongestionBreaches::test_threshold_100pct_produces_no_breaches
FAILED app/tests/unit/test_predictive_congestion.py::TestPredictCongestionBreaches::test_threshold_10pct_flags_all_active_segments
FAILED app/tests/unit/test_predictive_congestion.py::TestPredictCongestionBreaches::test_dual_check_mode_combines_reactive_and_predictive
FAILED app/tests/unit/test_predictive_congestion.py::TestPredictCongestionBreaches::test_recalculation_triggered_when_prediction_fires_even_if_live_is_clear
FAILED app/tests/unit/test_redis.py::test_redis_client_creation - ModuleNotFo...
FAILED app/tests/unit/test_redis.py::test_redis_set_and_get - ModuleNotFoundE...
FAILED app/tests/unit/test_redis.py::test_redis_setex_with_ttl - ModuleNotFou...
FAILED app/tests/unit/test_redis.py::test_redis_delete_operation - ModuleNotF...
FAILED app/tests/unit/test_redis.py::test_redis_connection_pool - ModuleNotFo...
FAILED app/tests/unit/test_redis.py::test_redis_client_singleton - ModuleNotF...
FAILED app/tests/unit/test_redis.py::test_redis_handles_connection_errors - A...
FAILED app/tests/unit/test_registration_cache.py::test_store_registration_data
FAILED app/tests/unit/test_registration_cache.py::test_store_registration_data_without_email
FAILED app/tests/unit/test_registration_cache.py::test_get_registration_data
FAILED app/tests/unit/test_registration_cache.py::test_get_registration_data_not_found
FAILED app/tests/unit/test_registration_cache.py::test_get_registration_data_invalid_json
FAILED app/tests/unit/test_registration_cache.py::test_delete_registration_data
FAILED app/tests/unit/test_registration_cache.py::test_update_registration_data
FAILED app/tests/unit/test_registration_cache.py::test_update_registration_data_not_found
FAILED app/tests/unit/test_registration_cache.py::test_store_with_custom_expiry
FAILED app/tests/unit/test_reroute.py::TestOperatorOverride::test_applies_override_to_database
FAILED app/tests/unit/test_reroute.py::TestOperatorOverride::test_recomputes_routes_after_override
FAILED app/tests/unit/test_reroute.py::TestOperatorOverride::test_pushes_updated_routes_to_map_after_override
FAILED app/tests/unit/test_reroute.py::TestOperatorOverride::test_publishes_event_after_override
FAILED app/tests/unit/test_reroute.py::TestClearanceRestoration::test_updates_road_status_to_open_on_clearance
FAILED app/tests/unit/test_reroute.py::TestClearanceRestoration::test_clears_active_detours_on_restoration
FAILED app/tests/unit/test_reroute.py::TestClearanceRestoration::test_sends_all_clear_notification_on_restoration
FAILED app/tests/unit/test_reroute.py::TestClearanceRestoration::test_logs_restored_event_on_clearance
FAILED app/tests/unit/test_reroute_pipeline.py::TestFullReroutePipeline::test_trigger_reroute_returns_status_rerouted
FAILED app/tests/unit/test_reroute_pipeline.py::TestFullReroutePipeline::test_reroute_plan_persisted_to_database
FAILED app/tests/unit/test_reroute_pipeline.py::TestFullReroutePipeline::test_blocked_roads_marked_closed_after_trigger
FAILED app/tests/unit/test_reroute_pipeline.py::TestFullReroutePipeline::test_routes_pushed_to_map_after_trigger
FAILED app/tests/unit/test_reroute_pipeline.py::TestFullReroutePipeline::test_reroute_event_published_to_rabbitmq_after_trigger
FAILED app/tests/unit/test_reroute_pipeline.py::TestFullReroutePipeline::test_event_logged_after_trigger
FAILED app/tests/unit/test_reroute_pipeline.py::TestFullReroutePipeline::test_returns_no_vehicles_when_area_empty
FAILED app/tests/unit/test_reroute_pipeline.py::TestPublisherEvents::test_publish_all_clear_on_restore
FAILED app/tests/unit/test_reroute_pipeline.py::TestPublisherEvents::test_publish_route_updated_on_override
FAILED app/tests/unit/test_reroute_pipeline.py::TestPublisherEvents::test_publisher_failure_does_not_crash_pipeline
FAILED app/tests/unit/test_reroute_pipeline.py::TestOverrideFlowIntegration::test_full_override_flow_applies_persists_maps_publishes
FAILED app/tests/unit/test_traffic_distribution.py::TestOptimizeTrafficDistribution::test_load_spreads_across_multiple_routes
FAILED app/tests/unit/test_user_service.py::test_verify_registration_creates_user_and_returns_tokens
FAILED app/tests/unit/test_user_service.py::test_verify_registration_invalid_otp_raises_error
FAILED app/tests/unit/test_user_service.py::test_login_user_sends_otp - Modul...
FAILED app/tests/unit/test_user_service.py::test_verify_login_returns_tokens
FAILED app/tests/unit/test_user_service.py::test_get_user_by_id - ModuleNotFo...
FAILED app/tests/unit/test_xgboost_strategy.py::test_high_confidence_uses_xgboost_strategy_id
====== 92 failed, 342 passed, 12 warnings, 11 errors in 83.32s (0:01:23) =======
Exception ignored in: <module 'threading' from '/opt/homebrew/Cellar/python@3.11/3.11.14_1/Frameworks/Python.framework/Versions/3.11/lib/python3.11/threading.py'>
Traceback (most recent call last):
  File "/Users/ruthwikt/dev/DRS/drs-backend/venv/lib/python3.11/site-packages/gevent/monkey.py", line 868, in _shutdown
    orig_shutdown()
  File "/opt/homebrew/Cellar/python@3.11/3.11.14_1/Frameworks/Python.framework/Versions/3.11/lib/python3.11/threading.py", line 1590, in _shutdown
    lock.acquire()
  File "/Users/ruthwikt/dev/DRS/drs-backend/venv/lib/python3.11/site-packages/gevent/thread.py", line 112, in acquire
    acquired = BoundedSemaphore.acquire(self, blocking, timeout)
               ^^^^^^^^^^^^^^^^^^^^^^^^^^^^^^^^^^^^^^^^^^^^^^^^^
  File "src/gevent/_semaphore.py", line 184, in gevent._gevent_c_semaphore.Semaphore.acquire
  File "src/gevent/_semaphore.py", line 263, in gevent._gevent_c_semaphore.Semaphore.acquire
  File "src/gevent/_semaphore.py", line 253, in gevent._gevent_c_semaphore.Semaphore.acquire
  File "src/gevent/_abstract_linkable.py", line 521, in gevent._gevent_c_abstract_linkable.AbstractLinkable._wait
  File "src/gevent/_abstract_linkable.py", line 487, in gevent._gevent_c_abstract_linkable.AbstractLinkable._wait_core
  File "src/gevent/_abstract_linkable.py", line 490, in gevent._gevent_c_abstract_linkable.AbstractLinkable._wait_core
  File "src/gevent/_abstract_linkable.py", line 442, in gevent._gevent_c_abstract_linkable.AbstractLinkable._AbstractLinkable__wait_to_be_notified
  File "src/gevent/_abstract_linkable.py", line 451, in gevent._gevent_c_abstract_linkable.AbstractLinkable._switch_to_hub
  File "src/gevent/_greenlet_primitives.py", line 61, in gevent._gevent_c_greenlet_primitives.SwitchOutGreenletWithLoop.switch
  File "src/gevent/_greenlet_primitives.py", line 65, in gevent._gevent_c_greenlet_primitives.SwitchOutGreenletWithLoop.switch
  File "src/gevent/_gevent_c_greenlet_primitives.pxd", line 35, in gevent._gevent_c_greenlet_primitives._greenlet_switch
gevent.exceptions.LoopExit: This operation would block forever
	Hub: <Hub '' at 0x110e75c60 select default pending=0 ref=0 resolver=<gevent.resolver.thread.Resolver at 0x1109580d0 pool=<ThreadPool at 0x1124c0a50 tasks=0 size=0 maxsize=10 hub=<Hub at 0x110e75c60 thread_ident=0x1f3c59740>>> threadpool=<ThreadPool at 0x1124c0a50 tasks=0 size=0 maxsize=10 hub=<Hub at 0x110e75c60 thread_ident=0x1f3c59740>> thread_ident=0x1f3c59740>
	Handles:
[]
Exception ignored in: <function _removeHandlerRef at 0x109e46b60>
Traceback (most recent call last):
  File "/opt/homebrew/Cellar/python@3.11/3.11.14_1/Frameworks/Python.framework/Versions/3.11/lib/python3.11/logging/__init__.py", line 855, in _removeHandlerRef
  File "/opt/homebrew/Cellar/python@3.11/3.11.14_1/Frameworks/Python.framework/Versions/3.11/lib/python3.11/logging/__init__.py", line 235, in _acquireLock
  File "/opt/homebrew/Cellar/python@3.11/3.11.14_1/Frameworks/Python.framework/Versions/3.11/lib/python3.11/threading.py", line 164, in acquire
  File "/Users/ruthwikt/dev/DRS/drs-backend/venv/lib/python3.11/site-packages/gevent/thread.py", line 67, in get_ident
TypeError: 'NoneType' object is not callable
